-------------------------------------------------------------------------------
Test set: dev.m3s.programming2.homework2.StudentCourseTests
-------------------------------------------------------------------------------
Tests run: 9, Failures: 0, Errors: 9, Skipped: 0, Time elapsed: 0.078 s <<< FAILURE! - in dev.m3s.programming2.homework2.StudentCourseTests
dev.m3s.programming2.homework2.StudentCourseTests.isPassedLetterTests  Time elapsed: 0.005 s  <<< ERROR!
dev.m3s.maeaettae.jreq.RequirementException: 
None of the constructors in ⟨class Course⟩ meet the requirements
	a. The constructor should have parameter type ⟨Character/char⟩	(0 matches)
	b. The constructor should have parameter type ⟨boolean⟩       	(0 matches)
	c. The constructor should have parameter count ⟨7⟩            	(0 matches)
	d. The constructor should have parameter type ⟨double⟩        	(0 matches)
	e. The constructor should have parameter type ⟨String⟩        	(1 match)
	f. The constructor should have parameter type ⟨int⟩           	(2 matches)

	at dev.m3s.programming2.homework2.StudentCourseTests.setUp(StudentCourseTests.java:22)

dev.m3s.programming2.homework2.StudentCourseTests.parameterlessConstructorTest  Time elapsed: 0.002 s  <<< ERROR!
dev.m3s.maeaettae.jreq.RequirementException: 
None of the constructors in ⟨class Course⟩ meet the requirements
	a. The constructor should have parameter type ⟨Character/char⟩	(0 matches)
	b. The constructor should have parameter type ⟨boolean⟩       	(0 matches)
	c. The constructor should have parameter count ⟨7⟩            	(0 matches)
	d. The constructor should have parameter type ⟨double⟩        	(0 matches)
	e. The constructor should have parameter type ⟨String⟩        	(1 match)
	f. The constructor should have parameter type ⟨int⟩           	(2 matches)

	at dev.m3s.programming2.homework2.StudentCourseTests.setUp(StudentCourseTests.java:22)

dev.m3s.programming2.homework2.StudentCourseTests.isPassedNumericTests  Time elapsed: 0.003 s  <<< ERROR!
dev.m3s.maeaettae.jreq.RequirementException: 
None of the constructors in ⟨class Course⟩ meet the requirements
	a. The constructor should have parameter type ⟨Character/char⟩	(0 matches)
	b. The constructor should have parameter type ⟨boolean⟩       	(0 matches)
	c. The constructor should have parameter count ⟨7⟩            	(0 matches)
	d. The constructor should have parameter type ⟨double⟩        	(0 matches)
	e. The constructor should have parameter type ⟨String⟩        	(1 match)
	f. The constructor should have parameter type ⟨int⟩           	(2 matches)

	at dev.m3s.programming2.homework2.StudentCourseTests.setUp(StudentCourseTests.java:22)

dev.m3s.programming2.homework2.StudentCourseTests.courseTests  Time elapsed: 0.011 s  <<< ERROR!
dev.m3s.maeaettae.jreq.RequirementException: 
None of the constructors in ⟨class Course⟩ meet the requirements
	a. The constructor should have parameter type ⟨Character/char⟩	(0 matches)
	b. The constructor should have parameter type ⟨boolean⟩       	(0 matches)
	c. The constructor should have parameter count ⟨7⟩            	(0 matches)
	d. The constructor should have parameter type ⟨double⟩        	(0 matches)
	e. The constructor should have parameter type ⟨String⟩        	(1 match)
	f. The constructor should have parameter type ⟨int⟩           	(2 matches)

	at dev.m3s.programming2.homework2.StudentCourseTests.setUp(StudentCourseTests.java:22)

dev.m3s.programming2.homework2.StudentCourseTests.gradeNumLetterTests  Time elapsed: 0.002 s  <<< ERROR!
dev.m3s.maeaettae.jreq.RequirementException: 
None of the constructors in ⟨class Course⟩ meet the requirements
	a. The constructor should have parameter type ⟨Character/char⟩	(0 matches)
	b. The constructor should have parameter type ⟨boolean⟩       	(0 matches)
	c. The constructor should have parameter count ⟨7⟩            	(0 matches)
	d. The constructor should have parameter type ⟨double⟩        	(0 matches)
	e. The constructor should have parameter type ⟨String⟩        	(1 match)
	f. The constructor should have parameter type ⟨int⟩           	(2 matches)

	at dev.m3s.programming2.homework2.StudentCourseTests.setUp(StudentCourseTests.java:22)

dev.m3s.programming2.homework2.StudentCourseTests.checkGradeValidityTests  Time elapsed: 0.002 s  <<< ERROR!
dev.m3s.maeaettae.jreq.RequirementException: 
None of the constructors in ⟨class Course⟩ meet the requirements
	a. The constructor should have parameter type ⟨Character/char⟩	(0 matches)
	b. The constructor should have parameter type ⟨boolean⟩       	(0 matches)
	c. The constructor should have parameter count ⟨7⟩            	(0 matches)
	d. The constructor should have parameter type ⟨double⟩        	(0 matches)
	e. The constructor should have parameter type ⟨String⟩        	(1 match)
	f. The constructor should have parameter type ⟨int⟩           	(2 matches)

	at dev.m3s.programming2.homework2.StudentCourseTests.setUp(StudentCourseTests.java:22)

dev.m3s.programming2.homework2.StudentCourseTests.yearCompletedTests  Time elapsed: 0.026 s  <<< ERROR!
dev.m3s.maeaettae.jreq.RequirementException: 
None of the constructors in ⟨class Course⟩ meet the requirements
	a. The constructor should have parameter type ⟨Character/char⟩	(0 matches)
	b. The constructor should have parameter type ⟨boolean⟩       	(0 matches)
	c. The constructor should have parameter count ⟨7⟩            	(0 matches)
	d. The constructor should have parameter type ⟨double⟩        	(0 matches)
	e. The constructor should have parameter type ⟨String⟩        	(1 match)
	f. The constructor should have parameter type ⟨int⟩           	(2 matches)

	at dev.m3s.programming2.homework2.StudentCourseTests.setUp(StudentCourseTests.java:22)

dev.m3s.programming2.homework2.StudentCourseTests.toStringTests  Time elapsed: 0.005 s  <<< ERROR!
dev.m3s.maeaettae.jreq.RequirementException: 
None of the constructors in ⟨class Course⟩ meet the requirements
	a. The constructor should have parameter type ⟨Character/char⟩	(0 matches)
	b. The constructor should have parameter type ⟨boolean⟩       	(0 matches)
	c. The constructor should have parameter count ⟨7⟩            	(0 matches)
	d. The constructor should have parameter type ⟨double⟩        	(0 matches)
	e. The constructor should have parameter type ⟨String⟩        	(1 match)
	f. The constructor should have parameter type ⟨int⟩           	(2 matches)

	at dev.m3s.programming2.homework2.StudentCourseTests.setUp(StudentCourseTests.java:22)

dev.m3s.programming2.homework2.StudentCourseTests.gradeNumNumericTests  Time elapsed: 0.009 s  <<< ERROR!
dev.m3s.maeaettae.jreq.RequirementException: 
None of the constructors in ⟨class Course⟩ meet the requirements
	a. The constructor should have parameter type ⟨Character/char⟩	(0 matches)
	b. The constructor should have parameter type ⟨boolean⟩       	(0 matches)
	c. The constructor should have parameter count ⟨7⟩            	(0 matches)
	d. The constructor should have parameter type ⟨double⟩        	(0 matches)
	e. The constructor should have parameter type ⟨String⟩        	(1 match)
	f. The constructor should have parameter type ⟨int⟩           	(2 matches)

	at dev.m3s.programming2.homework2.StudentCourseTests.setUp(StudentCourseTests.java:22)

