-------------------------------------------------------------------------------
Test set: dev.m3s.programming2.homework2.CourseTests
-------------------------------------------------------------------------------
Tests run: 11, Failures: 0, Errors: 11, Skipped: 0, Time elapsed: 0.157 s <<< FAILURE! - in dev.m3s.programming2.homework2.CourseTests
dev.m3s.programming2.homework2.CourseTests.numericGradeTests  Time elapsed: 0.077 s  <<< ERROR!
dev.m3s.maeaettae.jreq.RequirementException: 
None of the constructors in ⟨class Course⟩ meet the requirements
	a. The constructor should have parameter count ⟨0⟩	(0 matches)

	Closest match:
	~> public Course ( String ,double ,int ,int ,int )
	at dev.m3s.programming2.homework2.CourseTests.setUp(CourseTests.java:24)

dev.m3s.programming2.homework2.CourseTests.courseCodeTests  Time elapsed: 0.002 s  <<< ERROR!
dev.m3s.maeaettae.jreq.RequirementException: 
None of the constructors in ⟨class Course⟩ meet the requirements
	a. The constructor should have parameter count ⟨0⟩	(0 matches)

	Closest match:
	~> public Course ( String ,double ,int ,int ,int )
	at dev.m3s.programming2.homework2.CourseTests.setUp(CourseTests.java:24)

dev.m3s.programming2.homework2.CourseTests.periodTests  Time elapsed: 0.003 s  <<< ERROR!
dev.m3s.maeaettae.jreq.RequirementException: 
None of the constructors in ⟨class Course⟩ meet the requirements
	a. The constructor should have parameter count ⟨0⟩	(0 matches)

	Closest match:
	~> public Course ( String ,double ,int ,int ,int )
	at dev.m3s.programming2.homework2.CourseTests.setUp(CourseTests.java:24)

dev.m3s.programming2.homework2.CourseTests.creditsTests  Time elapsed: 0.004 s  <<< ERROR!
dev.m3s.maeaettae.jreq.RequirementException: 
None of the constructors in ⟨class Course⟩ meet the requirements
	a. The constructor should have parameter count ⟨0⟩	(0 matches)

	Closest match:
	~> public Course ( String ,double ,int ,int ,int )
	at dev.m3s.programming2.homework2.CourseTests.setUp(CourseTests.java:24)

dev.m3s.programming2.homework2.CourseTests.constructorTests  Time elapsed: 0.001 s  <<< ERROR!
dev.m3s.maeaettae.jreq.RequirementException: 
None of the constructors in ⟨class Course⟩ meet the requirements
	a. The constructor should have parameter count ⟨0⟩	(0 matches)

	Closest match:
	~> public Course ( String ,double ,int ,int ,int )
	at dev.m3s.programming2.homework2.CourseTests.setUp(CourseTests.java:24)

dev.m3s.programming2.homework2.CourseTests.courseTypeTests  Time elapsed: 0.003 s  <<< ERROR!
dev.m3s.maeaettae.jreq.RequirementException: 
None of the constructors in ⟨class Course⟩ meet the requirements
	a. The constructor should have parameter count ⟨0⟩	(0 matches)

	Closest match:
	~> public Course ( String ,double ,int ,int ,int )
	at dev.m3s.programming2.homework2.CourseTests.setUp(CourseTests.java:24)

dev.m3s.programming2.homework2.CourseTests.constructorParameterTests  Time elapsed: 0.002 s  <<< ERROR!
dev.m3s.maeaettae.jreq.RequirementException: 
None of the constructors in ⟨class Course⟩ meet the requirements
	a. The constructor should have parameter count ⟨0⟩	(0 matches)

	Closest match:
	~> public Course ( String ,double ,int ,int ,int )
	at dev.m3s.programming2.homework2.CourseTests.setUp(CourseTests.java:24)

dev.m3s.programming2.homework2.CourseTests.constantValuesUsageTest  Time elapsed: 0.002 s  <<< ERROR!
dev.m3s.maeaettae.jreq.RequirementException: 
None of the constructors in ⟨class Course⟩ meet the requirements
	a. The constructor should have parameter count ⟨0⟩	(0 matches)

	Closest match:
	~> public Course ( String ,double ,int ,int ,int )
	at dev.m3s.programming2.homework2.CourseTests.setUp(CourseTests.java:24)

dev.m3s.programming2.homework2.CourseTests.nameTests  Time elapsed: 0.003 s  <<< ERROR!
dev.m3s.maeaettae.jreq.RequirementException: 
None of the constructors in ⟨class Course⟩ meet the requirements
	a. The constructor should have parameter count ⟨0⟩	(0 matches)

	Closest match:
	~> public Course ( String ,double ,int ,int ,int )
	at dev.m3s.programming2.homework2.CourseTests.setUp(CourseTests.java:24)

dev.m3s.programming2.homework2.CourseTests.courseBaseTests  Time elapsed: 0.002 s  <<< ERROR!
dev.m3s.maeaettae.jreq.RequirementException: 
None of the constructors in ⟨class Course⟩ meet the requirements
	a. The constructor should have parameter count ⟨0⟩	(0 matches)

	Closest match:
	~> public Course ( String ,double ,int ,int ,int )
	at dev.m3s.programming2.homework2.CourseTests.setUp(CourseTests.java:24)

dev.m3s.programming2.homework2.CourseTests.toStringTests  Time elapsed: 0.013 s  <<< ERROR!
dev.m3s.maeaettae.jreq.RequirementException: 
None of the constructors in ⟨class Course⟩ meet the requirements
	a. The constructor should have parameter count ⟨0⟩	(0 matches)

	Closest match:
	~> public Course ( String ,double ,int ,int ,int )
	at dev.m3s.programming2.homework2.CourseTests.setUp(CourseTests.java:24)

