-------------------------------------------------------------------------------
Test set: dev.m3s.programming2.homework2.DegreeTests
-------------------------------------------------------------------------------
Tests run: 9, Failures: 0, Errors: 8, Skipped: 0, Time elapsed: 1.826 s <<< FAILURE! - in dev.m3s.programming2.homework2.DegreeTests
dev.m3s.programming2.homework2.DegreeTests.maxCoursesTest  Time elapsed: 0.008 s  <<< ERROR!
dev.m3s.maeaettae.jreq.RequirementException: No attributes in class Degree!
	at dev.m3s.programming2.homework2.DegreeTests.maxCoursesTest(DegreeTests.java:51)

dev.m3s.programming2.homework2.DegreeTests.countTests  Time elapsed: 0.003 s  <<< ERROR!
dev.m3s.maeaettae.jreq.RequirementException: No attributes in class Degree!
	at dev.m3s.programming2.homework2.DegreeTests.countTests(DegreeTests.java:58)

dev.m3s.programming2.homework2.DegreeTests.titleOfThesisTests  Time elapsed: 0.002 s  <<< ERROR!
dev.m3s.maeaettae.jreq.RequirementException: No attributes in class Degree!
	at dev.m3s.programming2.homework2.DegreeTests.titleOfThesisTests(DegreeTests.java:138)

dev.m3s.programming2.homework2.DegreeTests.printCoursesTests  Time elapsed: 0.041 s  <<< ERROR!
dev.m3s.maeaettae.jreq.RequirementException: 
None of the constructors in ⟨class Course⟩ meet the requirements
	a. The constructor should have parameter type ⟨Character/char⟩	(0 matches)
	b. The constructor should have parameter type ⟨boolean⟩       	(0 matches)
	c. The constructor should have parameter count ⟨7⟩            	(0 matches)
	d. The constructor should have parameter type ⟨double⟩        	(0 matches)
	e. The constructor should have parameter type ⟨String⟩        	(1 match)
	f. The constructor should have parameter type ⟨int⟩           	(2 matches)

	at dev.m3s.programming2.homework2.DegreeTests.printCoursesTests(DegreeTests.java:369)

dev.m3s.programming2.homework2.DegreeTests.getCreditsTests  Time elapsed: 0.055 s  <<< ERROR!
dev.m3s.maeaettae.jreq.RequirementException: 
None of the constructors in ⟨class Course⟩ meet the requirements
	a. The constructor should have parameter type ⟨Character/char⟩	(0 matches)
	b. The constructor should have parameter type ⟨boolean⟩       	(0 matches)
	c. The constructor should have parameter count ⟨7⟩            	(0 matches)
	d. The constructor should have parameter type ⟨double⟩        	(0 matches)
	e. The constructor should have parameter type ⟨String⟩        	(1 match)
	f. The constructor should have parameter type ⟨int⟩           	(2 matches)

	at dev.m3s.programming2.homework2.DegreeTests.createStudentCourseAndTestIsCourseCompleted(DegreeTests.java:318)
	at dev.m3s.programming2.homework2.DegreeTests.getCreditsTests(DegreeTests.java:260)

dev.m3s.programming2.homework2.DegreeTests.toStringTests  Time elapsed: 0.005 s  <<< ERROR!
dev.m3s.maeaettae.jreq.RequirementException: 
None of the constructors in ⟨class Course⟩ meet the requirements
	a. The constructor should have parameter type ⟨Character/char⟩	(0 matches)
	b. The constructor should have parameter type ⟨boolean⟩       	(0 matches)
	c. The constructor should have parameter count ⟨7⟩            	(0 matches)
	d. The constructor should have parameter type ⟨double⟩        	(0 matches)
	e. The constructor should have parameter type ⟨String⟩        	(1 match)
	f. The constructor should have parameter type ⟨int⟩           	(2 matches)

	at dev.m3s.programming2.homework2.DegreeTests.toStringTests(DegreeTests.java:401)

dev.m3s.programming2.homework2.DegreeTests.myCoursesTests  Time elapsed: 0.002 s  <<< ERROR!
dev.m3s.maeaettae.jreq.RequirementException: No attributes in class Degree!
	at dev.m3s.programming2.homework2.DegreeTests.myCoursesTests(DegreeTests.java:167)

dev.m3s.programming2.homework2.DegreeTests.degreeTitleTests  Time elapsed: 0.007 s  <<< ERROR!
dev.m3s.maeaettae.jreq.RequirementException: No attributes in class Degree!
	at dev.m3s.programming2.homework2.DegreeTests.degreeTitleTests(DegreeTests.java:108)

