-------------------------------------------------------------------------------
Test set: dev.m3s.programming2.homework2.StudentToStringTests
-------------------------------------------------------------------------------
Tests run: 1, Failures: 0, Errors: 1, Skipped: 0, Time elapsed: 0.007 s <<< FAILURE! - in dev.m3s.programming2.homework2.StudentToStringTests
dev.m3s.programming2.homework2.StudentToStringTests.toStringTestsV2  Time elapsed: 0.004 s  <<< ERROR!
dev.m3s.maeaettae.jreq.RequirementException: 
None of the constructors in ⟨class Course⟩ meet the requirements
	a. The constructor should have parameter type ⟨Character/char⟩	(0 matches)
	b. The constructor should have parameter type ⟨boolean⟩       	(0 matches)
	c. The constructor should have parameter count ⟨7⟩            	(0 matches)
	d. The constructor should have parameter type ⟨double⟩        	(0 matches)
	e. The constructor should have parameter type ⟨String⟩        	(1 match)
	f. The constructor should have parameter type ⟨int⟩           	(2 matches)

	at dev.m3s.programming2.homework2.StudentToStringTests.toStringTestsV2(StudentToStringTests.java:21)

