<?xml version="1.0" encoding="UTF-8"?>
<testsuite xmlns:xsi="http://www.w3.org/2001/XMLSchema-instance" xsi:noNamespaceSchemaLocation="https://maven.apache.org/surefire/maven-surefire-plugin/xsd/surefire-test-report-3.0.xsd" version="3.0" name="dev.m3s.programming2.homework2.PersonIDTests" time="0.44" tests="6" errors="0" skipped="0" failures="0">
  <properties>
[...]
</properties>
  <testcase name="checkBirthDateTests" classname="dev.m3s.programming2.homework2.PersonIDTests" time="0.082">
    <system-out><![CDATA[Calling new PersonID(  )
Testing with valid dates
Calling checkBirthdate( "09.03.1990" )
 ✓
Calling checkBirthdate( "22.01.1996" )
 ✓
Calling checkBirthdate( "14.07.2021" )
 ✓
Calling checkBirthdate( "24.04.2055" )
 ✓
Calling checkBirthdate( "21.07.2033" )
 ✓
Calling checkBirthdate( "05.09.2006" )
 ✓
Calling checkBirthdate( "16.09.1999" )
 ✓
Calling checkBirthdate( "17.12.2003" )
 ✓
Calling checkBirthdate( "25.07.2047" )
 ✓
Calling checkBirthdate( "12.05.2003" )
 ✓
Testing with invalid dates
Calling checkBirthdate( "00.00.1982" )
 ✓
Calling checkBirthdate( "32.01.1982" )
 ✓
Calling checkBirthdate( "00.01.1982" )
 ✓
Calling checkBirthdate( "29.02.1982" )
 ✓
Calling checkBirthdate( "00.02.1982" )
 ✓
Calling checkBirthdate( "32.03.1982" )
 ✓
Calling checkBirthdate( "00.03.1982" )
 ✓
Calling checkBirthdate( "31.04.1982" )
 ✓
Calling checkBirthdate( "00.04.1982" )
 ✓
Calling checkBirthdate( "32.05.1982" )
 ✓
Calling checkBirthdate( "00.05.1982" )
 ✓
Calling checkBirthdate( "31.06.1982" )
 ✓
Calling checkBirthdate( "00.06.1982" )
 ✓
Calling checkBirthdate( "32.07.1982" )
 ✓
Calling checkBirthdate( "00.07.1982" )
 ✓
Calling checkBirthdate( "32.08.1982" )
 ✓
Calling checkBirthdate( "00.08.1982" )
 ✓
Calling checkBirthdate( "31.09.1982" )
 ✓
Calling checkBirthdate( "00.09.1982" )
 ✓
Calling checkBirthdate( "32.10.1982" )
 ✓
Calling checkBirthdate( "00.10.1982" )
 ✓
Calling checkBirthdate( "31.11.1982" )
 ✓
Calling checkBirthdate( "00.11.1982" )
 ✓
Calling checkBirthdate( "32.12.1982" )
 ✓
Calling checkBirthdate( "00.12.1982" )
 ✓
Calling checkBirthdate( "32.13.1982" )
 ✓
Calling checkBirthdate( "00.13.1982" )
 ✓
Calling checkBirthdate( "32.13.1982" )
 ✓
Calling checkBirthdate( "30.02.1904" )
 ✓
Calling checkBirthdate( "30.02.1908" )
 ✓
Calling checkBirthdate( "30.02.1912" )
 ✓
Calling checkBirthdate( "30.02.1916" )
 ✓
Calling checkBirthdate( "30.02.1920" )
 ✓
Calling checkBirthdate( "30.02.1924" )
 ✓
Calling checkBirthdate( "30.02.1928" )
 ✓
Calling checkBirthdate( "30.02.1932" )
 ✓
Calling checkBirthdate( "30.02.1936" )
 ✓
Calling checkBirthdate( "30.02.1940" )
 ✓
Calling checkBirthdate( "30.02.1944" )
 ✓
Calling checkBirthdate( "30.02.1948" )
 ✓
Calling checkBirthdate( "30.02.1952" )
 ✓
Calling checkBirthdate( "30.02.1956" )
 ✓
Calling checkBirthdate( "30.02.1960" )
 ✓
Calling checkBirthdate( "30.02.1964" )
 ✓
Calling checkBirthdate( "30.02.1968" )
 ✓
Calling checkBirthdate( "30.02.1972" )
 ✓
Calling checkBirthdate( "30.02.1976" )
 ✓
Calling checkBirthdate( "30.02.1980" )
 ✓
Calling checkBirthdate( "30.02.1984" )
 ✓
Calling checkBirthdate( "30.02.1988" )
 ✓
Calling checkBirthdate( "30.02.1992" )
 ✓
Calling checkBirthdate( "30.02.1996" )
 ✓
Calling checkBirthdate( "30.02.2000" )
 ✓
Calling checkBirthdate( "30.02.2004" )
 ✓
Calling checkBirthdate( "30.02.2008" )
 ✓
Calling checkBirthdate( "30.02.2012" )
 ✓
Calling checkBirthdate( "30.02.2016" )
 ✓
Calling checkBirthdate( "30.02.2020" )
 ✓
Calling checkBirthdate( "30.02.2024" )
 ✓
Calling checkBirthdate( "30.02.2028" )
 ✓
Calling checkBirthdate( "30.02.2032" )
 ✓
Calling checkBirthdate( "30.02.2036" )
 ✓
Calling checkBirthdate( "30.02.2040" )
 ✓
Calling checkBirthdate( "30.02.2044" )
 ✓
Calling checkBirthdate( "30.02.2048" )
 ✓
Calling checkBirthdate( "30.02.2052" )
 ✓
Calling checkBirthdate( "30.02.2056" )
 ✓
Calling checkBirthdate( "30.02.2060" )
 ✓
Calling checkBirthdate( "30.02.2064" )
 ✓
Calling checkBirthdate( "30.02.2068" )
 ✓
Calling checkBirthdate( "30.02.2072" )
 ✓
Calling checkBirthdate( "30.02.2076" )
 ✓
Calling checkBirthdate( "30.02.2080" )
 ✓
Calling checkBirthdate( "30.02.2084" )
 ✓
Calling checkBirthdate( "30.02.2088" )
 ✓
Calling checkBirthdate( "30.02.2092" )
 ✓
Calling checkBirthdate( "30.02.2096" )
 ✓
Calling checkBirthdate( "30.02.2104" )
 ✓
]]></system-out>
  </testcase>
  <testcase name="getBirthDateTests" classname="dev.m3s.programming2.homework2.PersonIDTests" time="0.005">
    <system-out><![CDATA[Calling new PersonID(  )
Reading the value of private String birthDate
 ~> "Not available"
Verifying that "Not available" matches the expected pattern
""?Not\s+available[.!"]*"
 ✓
-----------------------------------------------------
Comparing the return value of the getter to the value
of the attribute (ignoring the visibility modifier):
-----------------------------------------------------
Reading the value of private String birthDate
 ~> "Not available"
Checking whether getBirthDate(  ) returns a String matching "Not available"
 ~> "Not available" (true)
 ✓
-----------------------------------------------------
Comparing the return value of the getter to the value
of the attribute after setting a new value directly
(ignoring the visibility modifier):
-----------------------------------------------------
Assigning value "12.04.2040" to private String birthDate
Checking whether getBirthDate(  ) returns a String matching "12.04.2040"
 ~> "12.04.2040" (true)
 ✓
]]></system-out>
  </testcase>
  <testcase name="checkPersonIDNumberTests" classname="dev.m3s.programming2.homework2.PersonIDTests" time="0.03">
    <system-out><![CDATA[Calling new PersonID(  )
Checking whether checkPersonIDNumber( "061112-7833" ) returns true
 ~> true (true)
 ✓
Checking whether checkPersonIDNumber( "210121+190W" ) returns true
 ~> true (true)
 ✓
Checking whether checkPersonIDNumber( "250922A695F" ) returns true
 ~> true (true)
 ✓
Checking whether checkPersonIDNumber( "160364+1204r" ) returns false
 ~> false (true)
 ✓
Checking whether checkPersonIDNumber( "110681+867" ) returns false
 ~> false (true)
 ✓
Checking whether checkPersonIDNumber( "01220-784S" ) returns false
 ~> false (true)
 ✓
Checking whether checkPersonIDNumber( "110739(7898" ) returns false
 ~> false (true)
 ✓
]]></system-out>
  </testcase>
  <testcase name="setPersonIDTests" classname="dev.m3s.programming2.homework2.PersonIDTests" time="0.204">
    <system-out><![CDATA[Calling new PersonID(  )
Calling setPersonID( "040899-7880" )
Verifying that "Ok" matches the expected pattern
""?Ok[.!"]*"
 ✓
Reading the value of private String birthDate
 ~> "04.08.1999"
 ✓
Calling setPersonID( "270490+359E" )
Verifying that "Ok" matches the expected pattern
""?Ok[.!"]*"
 ✓
Reading the value of private String birthDate
 ~> "27.04.1890"
 ✓
Calling setPersonID( "240402A532C" )
Verifying that "Ok" matches the expected pattern
""?Ok[.!"]*"
 ✓
Reading the value of private String birthDate
 ~> "24.04.2002"
 ✓

Verifying that calling setPersonId with null argument
returns "Invalid birthday!", and that the birthDate
is not changed:
Reading the value of private String birthDate
 ~> "24.04.2002"
Calling setPersonID( null )
Verifying that "Invalid birthday!" matches the expected pattern
""?Invalid\s+birthday[.!"]*"
 ✓
Reading the value of private String birthDate
 ~> "24.04.2002"
 ✓
OK

Calling setPersonID( "101192-601Eb" )
Verifying that "Invalid birthday!" matches the expected pattern
""?Invalid\s+birthday[.!"]*"
 ✓
Calling setPersonID( "141092+433" )
Verifying that "Invalid birthday!" matches the expected pattern
""?Invalid\s+birthday[.!"]*"
 ✓
Calling setPersonID( "100111F2217" )
Verifying that "Invalid birthday!" matches the expected pattern
""?Invalid\s+birthday[.!"]*"
 ✓
Calling setPersonID( "170252M575J" )
Verifying that "Invalid birthday!" matches the expected pattern
""?Invalid\s+birthday[.!"]*"
 ✓
Calling setPersonID( "041159[578A" )
Verifying that "Invalid birthday!" matches the expected pattern
""?Invalid\s+birthday[.!"]*"
 ✓
Calling setPersonID( "160233(431B" )
Verifying that "Invalid birthday!" matches the expected pattern
""?Invalid\s+birthday[.!"]*"
 ✓
Calling setPersonID( "200183+729G" )
Verifying that "Incorrect check mark!" matches the expected pattern
""?Incorrect\s+check\s*mark[.!"]*"
 ✓
Calling setPersonID( "281050+712C" )
Verifying that "Incorrect check mark!" matches the expected pattern
""?Incorrect\s+check\s*mark[.!"]*"
 ✓
Calling setPersonID( "xrubngrmqrk" )
Verifying that "Invalid birthday!" matches the expected pattern
""?Invalid\s+birthday[.!"]*"
 ✓

Invalid date: 00.02.2011
Calling setPersonID( "000211A314K" )
Return value: "Invalid birthday!"
Verifying that "Invalid birthday!" matches the expected pattern
""?Invalid\s+birthday[.!"]*"
 ✓
]]></system-out>
  </testcase>
  <testcase name="checkLeapYearTests" classname="dev.m3s.programming2.homework2.PersonIDTests" time="0.071">
    <system-out><![CDATA[Calling new PersonID(  )
Testing leap years...
 ✓
Testing non-leap years...
 ✓
]]></system-out>
  </testcase>
  <testcase name="checkValidCharacterTests" classname="dev.m3s.programming2.homework2.PersonIDTests" time="0.025">
    <system-out><![CDATA[Calling new PersonID(  )
Calling checkValidCharacter( "180489-771N" )
 ✓
Calling checkValidCharacter( "180489-771G" )
 ✓
Calling checkValidCharacter( "180489-771I" )
 ✓
Calling checkValidCharacter( "180489-771O" )
 ✓
Calling checkValidCharacter( "180489-771Q" )
 ✓
Calling checkValidCharacter( "180489-771Z" )
 ✓
Calling checkValidCharacter( "271063-2022" )
 ✓
Calling checkValidCharacter( "150835-107L" )
 ✓
Calling checkValidCharacter( "150835-107G" )
 ✓
Calling checkValidCharacter( "150835-107I" )
 ✓
Calling checkValidCharacter( "150835-107O" )
 ✓
Calling checkValidCharacter( "150835-107Q" )
 ✓
Calling checkValidCharacter( "150835-107Z" )
 ✓
Calling checkValidCharacter( "090218A6080" )
 ✓
Calling checkValidCharacter( "010427-465U" )
 ✓
Calling checkValidCharacter( "010427-465G" )
 ✓
Calling checkValidCharacter( "010427-465I" )
 ✓
Calling checkValidCharacter( "010427-465O" )
 ✓
Calling checkValidCharacter( "010427-465Q" )
 ✓
Calling checkValidCharacter( "010427-465Z" )
 ✓
Calling checkValidCharacter( "140743-3064" )
 ✓
Calling checkValidCharacter( "260955-175V" )
 ✓
Calling checkValidCharacter( "260955-175G" )
 ✓
Calling checkValidCharacter( "260955-175I" )
 ✓
Calling checkValidCharacter( "260955-175O" )
 ✓
Calling checkValidCharacter( "260955-175Q" )
 ✓
Calling checkValidCharacter( "260955-175Z" )
 ✓
Calling checkValidCharacter( "080436-077J" )
 ✓
Calling checkValidCharacter( "081241-4564" )
 ✓
Calling checkValidCharacter( "081241-456G" )
 ✓
Calling checkValidCharacter( "081241-456I" )
 ✓
Calling checkValidCharacter( "081241-456O" )
 ✓
Calling checkValidCharacter( "081241-456Q" )
 ✓
Calling checkValidCharacter( "081241-456Z" )
 ✓
Calling checkValidCharacter( "070708+6137" )
 ✓
Calling checkValidCharacter( "150172-0633" )
 ✓
Calling checkValidCharacter( "150172-063G" )
 ✓
Calling checkValidCharacter( "150172-063I" )
 ✓
Calling checkValidCharacter( "150172-063O" )
 ✓
Calling checkValidCharacter( "150172-063Q" )
 ✓
Calling checkValidCharacter( "150172-063Z" )
 ✓
Calling checkValidCharacter( "170311A791P" )
 ✓
Calling checkValidCharacter( "101016-6343" )
 ✓
Calling checkValidCharacter( "101016-634G" )
 ✓
Calling checkValidCharacter( "101016-634I" )
 ✓
Calling checkValidCharacter( "101016-634O" )
 ✓
Calling checkValidCharacter( "101016-634Q" )
 ✓
Calling checkValidCharacter( "101016-634Z" )
 ✓
Calling checkValidCharacter( "170819A4694" )
 ✓
Calling checkValidCharacter( "120265-606N" )
 ✓
Calling checkValidCharacter( "120265-606G" )
 ✓
Calling checkValidCharacter( "120265-606I" )
 ✓
Calling checkValidCharacter( "120265-606O" )
 ✓
Calling checkValidCharacter( "120265-606Q" )
 ✓
Calling checkValidCharacter( "120265-606Z" )
 ✓
Calling checkValidCharacter( "130587+817J" )
 ✓
Calling checkValidCharacter( "060152-4675" )
 ✓
Calling checkValidCharacter( "060152-467G" )
 ✓
Calling checkValidCharacter( "060152-467I" )
 ✓
Calling checkValidCharacter( "060152-467O" )
 ✓
Calling checkValidCharacter( "060152-467Q" )
 ✓
Calling checkValidCharacter( "060152-467Z" )
 ✓
Calling checkValidCharacter( "090103A8975" )
 ✓
Calling checkValidCharacter( "070593-379S" )
 ✓
Calling checkValidCharacter( "070593-379G" )
 ✓
Calling checkValidCharacter( "070593-379I" )
 ✓
Calling checkValidCharacter( "070593-379O" )
 ✓
Calling checkValidCharacter( "070593-379Q" )
 ✓
Calling checkValidCharacter( "070593-379Z" )
 ✓
Calling checkValidCharacter( "090994+035K" )
 ✓
]]></system-out>
  </testcase>
</testsuite>