<?xml version="1.0" encoding="UTF-8"?>
<testsuite xmlns:xsi="http://www.w3.org/2001/XMLSchema-instance" xsi:noNamespaceSchemaLocation="https://maven.apache.org/surefire/maven-surefire-plugin/xsd/surefire-test-report-3.0.xsd" version="3.0" name="dev.m3s.programming2.homework2.PersonIDTests" time="0.163" tests="6" errors="1" skipped="0" failures="0">
  <properties>
[...]
</properties>
  <testcase name="checkBirthDateTests" classname="dev.m3s.programming2.homework2.PersonIDTests" time="0.045">
    <system-out><![CDATA[Calling new PersonID(  )
Testing with valid dates
Calling checkBirthdate( "28.02.2068" )
 ✓
Calling checkBirthdate( "11.08.2041" )
 ✓
Calling checkBirthdate( "01.07.2009" )
 ✓
Calling checkBirthdate( "28.07.2057" )
 ✓
Calling checkBirthdate( "11.09.1990" )
 ✓
Calling checkBirthdate( "12.04.2000" )
 ✓
Calling checkBirthdate( "28.04.2000" )
 ✓
Calling checkBirthdate( "18.09.1999" )
 ✓
Calling checkBirthdate( "10.09.1970" )
 ✓
Calling checkBirthdate( "20.06.1980" )
 ✓
Testing with invalid dates
Calling checkBirthdate( "00.00.1981" )
 ✓
Calling checkBirthdate( "32.01.1981" )
 ✓
Calling checkBirthdate( "00.01.1981" )
 ✓
Calling checkBirthdate( "29.02.1981" )
 ✓
Calling checkBirthdate( "00.02.1981" )
 ✓
Calling checkBirthdate( "32.03.1981" )
 ✓
Calling checkBirthdate( "00.03.1981" )
 ✓
Calling checkBirthdate( "31.04.1981" )
 ✓
Calling checkBirthdate( "00.04.1981" )
 ✓
Calling checkBirthdate( "32.05.1981" )
 ✓
Calling checkBirthdate( "00.05.1981" )
 ✓
Calling checkBirthdate( "31.06.1981" )
 ✓
Calling checkBirthdate( "00.06.1981" )
 ✓
Calling checkBirthdate( "32.07.1981" )
 ✓
Calling checkBirthdate( "00.07.1981" )
 ✓
Calling checkBirthdate( "32.08.1981" )
 ✓
Calling checkBirthdate( "00.08.1981" )
 ✓
Calling checkBirthdate( "31.09.1981" )
 ✓
Calling checkBirthdate( "00.09.1981" )
 ✓
Calling checkBirthdate( "32.10.1981" )
 ✓
Calling checkBirthdate( "00.10.1981" )
 ✓
Calling checkBirthdate( "31.11.1981" )
 ✓
Calling checkBirthdate( "00.11.1981" )
 ✓
Calling checkBirthdate( "32.12.1981" )
 ✓
Calling checkBirthdate( "00.12.1981" )
 ✓
Calling checkBirthdate( "32.13.1981" )
 ✓
Calling checkBirthdate( "00.13.1981" )
 ✓
Calling checkBirthdate( "32.13.1981" )
 ✓
Calling checkBirthdate( "30.02.1904" )
 ✓
Calling checkBirthdate( "30.02.1908" )
 ✓
Calling checkBirthdate( "30.02.1912" )
 ✓
Calling checkBirthdate( "30.02.1916" )
 ✓
Calling checkBirthdate( "30.02.1920" )
 ✓
Calling checkBirthdate( "30.02.1924" )
 ✓
Calling checkBirthdate( "30.02.1928" )
 ✓
Calling checkBirthdate( "30.02.1932" )
 ✓
Calling checkBirthdate( "30.02.1936" )
 ✓
Calling checkBirthdate( "30.02.1940" )
 ✓
Calling checkBirthdate( "30.02.1944" )
 ✓
Calling checkBirthdate( "30.02.1948" )
 ✓
Calling checkBirthdate( "30.02.1952" )
 ✓
Calling checkBirthdate( "30.02.1956" )
 ✓
Calling checkBirthdate( "30.02.1960" )
 ✓
Calling checkBirthdate( "30.02.1964" )
 ✓
Calling checkBirthdate( "30.02.1968" )
 ✓
Calling checkBirthdate( "30.02.1972" )
 ✓
Calling checkBirthdate( "30.02.1976" )
 ✓
Calling checkBirthdate( "30.02.1980" )
 ✓
Calling checkBirthdate( "30.02.1984" )
 ✓
Calling checkBirthdate( "30.02.1988" )
 ✓
Calling checkBirthdate( "30.02.1992" )
 ✓
Calling checkBirthdate( "30.02.1996" )
 ✓
Calling checkBirthdate( "30.02.2000" )
 ✓
Calling checkBirthdate( "30.02.2004" )
 ✓
Calling checkBirthdate( "30.02.2008" )
 ✓
Calling checkBirthdate( "30.02.2012" )
 ✓
Calling checkBirthdate( "30.02.2016" )
 ✓
Calling checkBirthdate( "30.02.2020" )
 ✓
Calling checkBirthdate( "30.02.2024" )
 ✓
Calling checkBirthdate( "30.02.2028" )
 ✓
Calling checkBirthdate( "30.02.2032" )
 ✓
Calling checkBirthdate( "30.02.2036" )
 ✓
Calling checkBirthdate( "30.02.2040" )
 ✓
Calling checkBirthdate( "30.02.2044" )
 ✓
Calling checkBirthdate( "30.02.2048" )
 ✓
Calling checkBirthdate( "30.02.2052" )
 ✓
Calling checkBirthdate( "30.02.2056" )
 ✓
Calling checkBirthdate( "30.02.2060" )
 ✓
Calling checkBirthdate( "30.02.2064" )
 ✓
Calling checkBirthdate( "30.02.2068" )
 ✓
Calling checkBirthdate( "30.02.2072" )
 ✓
Calling checkBirthdate( "30.02.2076" )
 ✓
Calling checkBirthdate( "30.02.2080" )
 ✓
Calling checkBirthdate( "30.02.2084" )
 ✓
Calling checkBirthdate( "30.02.2088" )
 ✓
Calling checkBirthdate( "30.02.2092" )
 ✓
Calling checkBirthdate( "30.02.2096" )
 ✓
Calling checkBirthdate( "30.02.2104" )
 ✓
]]></system-out>
  </testcase>
  <testcase name="getBirthDateTests" classname="dev.m3s.programming2.homework2.PersonIDTests" time="0.004">
    <system-out><![CDATA[Calling new PersonID(  )
Reading the value of private String birthDate
 ~> "Not available"
Verifying that "Not available" matches the expected pattern
""?Not\s+available[.!"]*"
 ✓
-----------------------------------------------------
Comparing the return value of the getter to the value
of the attribute (ignoring the visibility modifier):
-----------------------------------------------------
Reading the value of private String birthDate
 ~> "Not available"
Checking whether getBirthDate(  ) returns a String matching "Not available"
 ~> "Not available" (true)
 ✓
-----------------------------------------------------
Comparing the return value of the getter to the value
of the attribute after setting a new value directly
(ignoring the visibility modifier):
-----------------------------------------------------
Assigning value "15.12.2041" to private String birthDate
Checking whether getBirthDate(  ) returns a String matching "15.12.2041"
 ~> "15.12.2041" (true)
 ✓
]]></system-out>
  </testcase>
  <testcase name="checkPersonIDNumberTests" classname="dev.m3s.programming2.homework2.PersonIDTests" time="0.035">
    <system-out><![CDATA[Calling new PersonID(  )
Checking whether checkPersonIDNumber( "030771-118P" ) returns true
 ~> true (true)
 ✓
Checking whether checkPersonIDNumber( "011000+732A" ) returns true
 ~> true (true)
 ✓
Checking whether checkPersonIDNumber( "060802A391E" ) returns true
 ~> true (true)
 ✓
Checking whether checkPersonIDNumber( "150504+835Nq" ) returns false
 ~> false (true)
 ✓
Checking whether checkPersonIDNumber( "240302-238" ) returns false
 ~> false (true)
 ✓
Checking whether checkPersonIDNumber( "28060A765V" ) returns false
 ~> false (true)
 ✓
Checking whether checkPersonIDNumber( "040120)1402" ) returns false
 ~> false (true)
 ✓
]]></system-out>
  </testcase>
  <testcase name="setPersonIDTests" classname="dev.m3s.programming2.homework2.PersonIDTests" time="0.013">
    <error type="dev.m3s.maeaettae.jreq.TargetException"><![CDATA[dev.m3s.maeaettae.jreq.TargetException: 
java.lang.NullPointerException: Cannot invoke "String.length()" because "personID" is null
	@ dev.m3s.programming2.homework2.PersonID.checkPersonIDNumber(PersonID.java:34)
	at dev.m3s.programming2.homework2.PersonIDTests.setPersonIDTests(PersonIDTests.java:68)
Caused by: java.lang.NullPointerException: Cannot invoke "String.length()" because "personID" is null
	at dev.m3s.programming2.homework2.PersonIDTests.setPersonIDTests(PersonIDTests.java:68)
]]></error>
    <system-out><![CDATA[Calling new PersonID(  )
Calling setPersonID( "200708-5755" )
Verifying that "Ok" matches the expected pattern
""?Ok[.!"]*"
 ✓
Reading the value of private String birthDate
 ~> "20.07.1908"
 ✓
Calling setPersonID( "131218+869R" )
Verifying that "Ok" matches the expected pattern
""?Ok[.!"]*"
 ✓
Reading the value of private String birthDate
 ~> "13.12.1818"
 ✓
Calling setPersonID( "251008A270Y" )
Verifying that "Ok" matches the expected pattern
""?Ok[.!"]*"
 ✓
Reading the value of private String birthDate
 ~> "25.10.2008"
 ✓

Verifying that calling setPersonId with null argument
returns "Invalid birthday!", and that the birthDate
is not changed:
Reading the value of private String birthDate
 ~> "25.10.2008"
Calling setPersonID( null )
]]></system-out>
  </testcase>
  <testcase name="checkLeapYearTests" classname="dev.m3s.programming2.homework2.PersonIDTests" time="0.012">
    <system-out><![CDATA[Calling new PersonID(  )
Testing leap years...
 ✓
Testing non-leap years...
 ✓
]]></system-out>
  </testcase>
  <testcase name="checkValidCharacterTests" classname="dev.m3s.programming2.homework2.PersonIDTests" time="0.031">
    <system-out><![CDATA[Calling new PersonID(  )
Calling checkValidCharacter( "200376-2212" )
 ✓
Calling checkValidCharacter( "200376-221G" )
 ✓
Calling checkValidCharacter( "200376-221I" )
 ✓
Calling checkValidCharacter( "200376-221O" )
 ✓
Calling checkValidCharacter( "200376-221Q" )
 ✓
Calling checkValidCharacter( "200376-221Z" )
 ✓
Calling checkValidCharacter( "070722A753J" )
 ✓
Calling checkValidCharacter( "270371-268T" )
 ✓
Calling checkValidCharacter( "270371-268G" )
 ✓
Calling checkValidCharacter( "270371-268I" )
 ✓
Calling checkValidCharacter( "270371-268O" )
 ✓
Calling checkValidCharacter( "270371-268Q" )
 ✓
Calling checkValidCharacter( "270371-268Z" )
 ✓
Calling checkValidCharacter( "220645+200W" )
 ✓
Calling checkValidCharacter( "151206-151S" )
 ✓
Calling checkValidCharacter( "151206-151G" )
 ✓
Calling checkValidCharacter( "151206-151I" )
 ✓
Calling checkValidCharacter( "151206-151O" )
 ✓
Calling checkValidCharacter( "151206-151Q" )
 ✓
Calling checkValidCharacter( "151206-151Z" )
 ✓
Calling checkValidCharacter( "181139-314Y" )
 ✓
Calling checkValidCharacter( "190466-320U" )
 ✓
Calling checkValidCharacter( "190466-320G" )
 ✓
Calling checkValidCharacter( "190466-320I" )
 ✓
Calling checkValidCharacter( "190466-320O" )
 ✓
Calling checkValidCharacter( "190466-320Q" )
 ✓
Calling checkValidCharacter( "190466-320Z" )
 ✓
Calling checkValidCharacter( "180625+7877" )
 ✓
Calling checkValidCharacter( "191263-0637" )
 ✓
Calling checkValidCharacter( "191263-063G" )
 ✓
Calling checkValidCharacter( "191263-063I" )
 ✓
Calling checkValidCharacter( "191263-063O" )
 ✓
Calling checkValidCharacter( "191263-063Q" )
 ✓
Calling checkValidCharacter( "191263-063Z" )
 ✓
Calling checkValidCharacter( "121095+328U" )
 ✓
Calling checkValidCharacter( "060207-7660" )
 ✓
Calling checkValidCharacter( "060207-766G" )
 ✓
Calling checkValidCharacter( "060207-766I" )
 ✓
Calling checkValidCharacter( "060207-766O" )
 ✓
Calling checkValidCharacter( "060207-766Q" )
 ✓
Calling checkValidCharacter( "060207-766Z" )
 ✓
Calling checkValidCharacter( "060384+545L" )
 ✓
Calling checkValidCharacter( "170895-493U" )
 ✓
Calling checkValidCharacter( "170895-493G" )
 ✓
Calling checkValidCharacter( "170895-493I" )
 ✓
Calling checkValidCharacter( "170895-493O" )
 ✓
Calling checkValidCharacter( "170895-493Q" )
 ✓
Calling checkValidCharacter( "170895-493Z" )
 ✓
Calling checkValidCharacter( "260106A400R" )
 ✓
Calling checkValidCharacter( "100749-242J" )
 ✓
Calling checkValidCharacter( "100749-242G" )
 ✓
Calling checkValidCharacter( "100749-242I" )
 ✓
Calling checkValidCharacter( "100749-242O" )
 ✓
Calling checkValidCharacter( "100749-242Q" )
 ✓
Calling checkValidCharacter( "100749-242Z" )
 ✓
Calling checkValidCharacter( "210935-217M" )
 ✓
Calling checkValidCharacter( "100321-4283" )
 ✓
Calling checkValidCharacter( "100321-428G" )
 ✓
Calling checkValidCharacter( "100321-428I" )
 ✓
Calling checkValidCharacter( "100321-428O" )
 ✓
Calling checkValidCharacter( "100321-428Q" )
 ✓
Calling checkValidCharacter( "100321-428Z" )
 ✓
Calling checkValidCharacter( "131109-419C" )
 ✓
Calling checkValidCharacter( "191222-8567" )
 ✓
Calling checkValidCharacter( "191222-856G" )
 ✓
Calling checkValidCharacter( "191222-856I" )
 ✓
Calling checkValidCharacter( "191222-856O" )
 ✓
Calling checkValidCharacter( "191222-856Q" )
 ✓
Calling checkValidCharacter( "191222-856Z" )
 ✓
Calling checkValidCharacter( "271081+418F" )
 ✓
]]></system-out>
  </testcase>
</testsuite>