<?xml version="1.0" encoding="UTF-8"?>
<testsuite xmlns:xsi="http://www.w3.org/2001/XMLSchema-instance" xsi:noNamespaceSchemaLocation="https://maven.apache.org/surefire/maven-surefire-plugin/xsd/surefire-test-report-3.0.xsd" version="3.0" name="dev.m3s.programming2.homework2.StudentCourseTests" time="0.26" tests="9" errors="0" skipped="0" failures="0">
  <properties>
[...]
</properties>
  <testcase name="isPassedLetterTests" classname="dev.m3s.programming2.homework2.StudentCourseTests" time="0.088">
    <system-out><![CDATA[Calling new Course( "obvxvsibvq", 375101, 'A', 1, 5, 35.0, true )
Calling new StudentCourse( [375101A (35.00 cr), "obvxvsibvq". Mandatory, period: 5.], 1, 2012 )
Calling new Course( "mawygdgais", 340389, 'A', 0, 5, 33.0, false )
Calling new StudentCourse( [340389A (33.00 cr), "mawygdgais". Optional, period: 5.], 65, 2025 )
Calling setGrade( 'F' )
Calling isPassed(  )
 ✓
Calling setGrade( 'A' )
Calling isPassed(  )
 ✓
Calling setGrade( 'f' )
Calling isPassed(  )
 ✓
Calling setGrade( 'a' )
Calling isPassed(  )
 ✓
Calling setGrade( 'F' )
Calling isPassed(  )
 ✓
Calling setGrade( 5 )
Calling isPassed(  )
 ✓
Calling setGrade( 'A' )
Calling setGrade( 5 )
Calling isPassed(  )
 ✓
]]></system-out>
  </testcase>
  <testcase name="parameterlessConstructorTest" classname="dev.m3s.programming2.homework2.StudentCourseTests" time="0.002">
    <system-out><![CDATA[Calling new Course( "gduzunerxq", 475973, 'A', 1, 3, 35.0, false )
Calling new StudentCourse( [475973A (35.00 cr), "gduzunerxq". Mandatory, period: 3.], 70, 2007 )
Calling new StudentCourse(  )
]]></system-out>
  </testcase>
  <testcase name="isPassedNumericTests" classname="dev.m3s.programming2.homework2.StudentCourseTests" time="0.004">
    <system-out><![CDATA[Calling new Course( "dkphpxpmgl", 702893, 'P', 1, 1, 26.0, true )
Calling new StudentCourse( [702893P (26.00 cr), "dkphpxpmgl". Mandatory, period: 1.], 2, 2012 )
Calling new Course( "ehcadjpmcx", 872384, 'A', 1, 3, 50.0, true )
Calling new StudentCourse( [872384A (50.00 cr), "ehcadjpmcx". Mandatory, period: 3.], 4, 2021 )
Calling setGrade( 0 )
Calling isPassed(  )
 ✓
Calling setGrade( 1 )
Calling isPassed(  )
 ✓
Calling setGrade( 2 )
Calling isPassed(  )
 ✓
Calling setGrade( 3 )
Calling isPassed(  )
 ✓
Calling setGrade( 4 )
Calling isPassed(  )
 ✓
Calling setGrade( 5 )
Calling isPassed(  )
 ✓
Calling setGrade( 0 )
Calling isPassed(  )
 ✓
Calling setGrade( 'A' )
Calling isPassed(  )
 ✓
Calling setGrade( 'a' )
Calling isPassed(  )
 ✓
Calling setGrade( 1 )
Calling setGrade( 'F' )
Calling isPassed(  )
 ✓
Calling setGrade( 'f' )
Calling isPassed(  )
 ✓
]]></system-out>
  </testcase>
  <testcase name="courseTests" classname="dev.m3s.programming2.homework2.StudentCourseTests" time="0.007">
    <system-out><![CDATA[Calling new Course( "fllbdisjna", 695995, 'P', 1, 1, 52.0, true )
Calling new StudentCourse( [695995P (52.00 cr), "fllbdisjna". Mandatory, period: 1.], 5, 2008 )
Calling new Course( "trrlipdvfd", 639270, 'A', 0, 2, 43.0, false )
Calling setCourse( [639270A (43.00 cr), "trrlipdvfd". Optional, period: 2.] )
Calling getCourse(  )
Checking whether the two course objects are equal:
 => Course 2: Reading the value of private String name
 ~> "trrlipdvfd"
 => Course 1: Checking whether private String name is "trrlipdvfd"
 ~> "trrlipdvfd" (true)
 ✓
 => Course 2: Reading the value of private String courseCode
 ~> "639270A"
 => Course 1: Checking whether the value of private String courseCode matches "639270A"
 ~> "639270A" (true)
 ✓
 => Course 2: Reading the value of private Character courseBase
 ~> 'A'
 => Course 1: Checking whether private Character courseBase is 'A'
 ~> 'A' (true)
 ✓
 => Course 2: Reading the value of private int period
 ~> 2
 => Course 1: Checking whether private int period is 2
 ~> 2 (true)
 ✓
 => Course 2: Reading the value of private double credits
 ~> 43.0
 => Course 1: Checking whether private double credits is 43.0
 ~> 43.0 (true)
 ✓
 => Course 2: Reading the value of private boolean numericGrade
 ~> false
 => Course 1: Checking whether private boolean numericGrade is false
 ~> false (true)
 ✓
=> The course objects are equal.

Reading the value of private Course course
 ~> [639270A (43.00 cr), "trrlipdvfd". Optional, period: 2.]
Checking whether the two course objects are equal:
 => Course 2: Reading the value of private String name
 ~> "trrlipdvfd"
 => Course 1: Checking whether private String name is "trrlipdvfd"
 ~> "trrlipdvfd" (true)
 ✓
 => Course 2: Reading the value of private String courseCode
 ~> "639270A"
 => Course 1: Checking whether the value of private String courseCode matches "639270A"
 ~> "639270A" (true)
 ✓
 => Course 2: Reading the value of private Character courseBase
 ~> 'A'
 => Course 1: Checking whether private Character courseBase is 'A'
 ~> 'A' (true)
 ✓
 => Course 2: Reading the value of private int period
 ~> 2
 => Course 1: Checking whether private int period is 2
 ~> 2 (true)
 ✓
 => Course 2: Reading the value of private double credits
 ~> 43.0
 => Course 1: Checking whether private double credits is 43.0
 ~> 43.0 (true)
 ✓
 => Course 2: Reading the value of private boolean numericGrade
 ~> false
 => Course 1: Checking whether private boolean numericGrade is false
 ~> false (true)
 ✓
=> The course objects are equal.

]]></system-out>
  </testcase>
  <testcase name="gradeNumLetterTests" classname="dev.m3s.programming2.homework2.StudentCourseTests" time="0.004">
    <system-out><![CDATA[Calling new Course( "pacigvufwg", 253037, 'P', 0, 1, 14.0, true )
Calling new StudentCourse( [253037P (14.00 cr), "pacigvufwg". Optional, period: 1.], 3, 2020 )
Calling new Course( "krxplpksgi", 313791, 'A', 0, 2, 34.0, false )
Calling new StudentCourse( [313791A (34.00 cr), "krxplpksgi". Optional, period: 2.], 0, 0 )
Calling setGrade( 70 )
Checking whether private int gradeNum is 70
 ~> 70 (true)
Reading the value of private int gradeNum
 ~> 70
 ✓
Reading the value of private int yearCompleted
 ~> 2026
 ✓
Assigning value 65 to private int gradeNum
Checking whether getGradeNum(  ) returns 65
 ~> 65 (true)
Calling getGradeNum(  )
 ✓
Calling setGrade( 0 )
Checking whether getGradeNum(  ) returns 0
 ~> 65 (false)
 ✓
Calling setGrade( 1 )
Checking whether getGradeNum(  ) returns 1
 ~> 65 (false)
 ✓
Calling setGrade( 2 )
Checking whether getGradeNum(  ) returns 2
 ~> 65 (false)
 ✓
Calling setGrade( 3 )
Checking whether getGradeNum(  ) returns 3
 ~> 65 (false)
 ✓
Calling setGrade( 4 )
Checking whether getGradeNum(  ) returns 4
 ~> 65 (false)
 ✓
Calling setGrade( 5 )
Checking whether getGradeNum(  ) returns 5
 ~> 65 (false)
 ✓
Checking whether private int gradeNum is 65
 ~> 65 (true)
Reading the value of private int gradeNum
 ~> 65
 ✓
]]></system-out>
  </testcase>
  <testcase name="checkGradeValidityTests" classname="dev.m3s.programming2.homework2.StudentCourseTests" time="0.088">
    <system-out><![CDATA[Calling new Course( "edwtabfkpi", 628542, 'P', 1, 5, 31.0, true )
Calling new StudentCourse( [628542P (31.00 cr), "edwtabfkpi". Mandatory, period: 5.], 1, 2010 )
Calling new Course( "mspveejhvm", 258403, 'P', 1, 5, 27.0, false )
Calling new StudentCourse( [258403P (27.00 cr), "mspveejhvm". Mandatory, period: 5.], 65, 2014 )
Checking whether checkGradeValidity( 0 ) returns false
 ~> false (true)
 ✓
Checking whether checkGradeValidity( 1 ) returns false
 ~> false (true)
 ✓
Checking whether checkGradeValidity( 2 ) returns false
 ~> false (true)
 ✓
Checking whether checkGradeValidity( 3 ) returns false
 ~> false (true)
 ✓
Checking whether checkGradeValidity( 4 ) returns false
 ~> false (true)
 ✓
Checking whether checkGradeValidity( 5 ) returns false
 ~> false (true)
 ✓
Checking whether checkGradeValidity( 6 ) returns false
 ~> false (true)
 ✓
Checking whether checkGradeValidity( 7 ) returns false
 ~> false (true)
 ✓
Checking whether checkGradeValidity( 8 ) returns false
 ~> false (true)
 ✓
Checking whether checkGradeValidity( 9 ) returns false
 ~> false (true)
 ✓
Checking whether checkGradeValidity( 10 ) returns false
 ~> false (true)
 ✓
Checking whether checkGradeValidity( 11 ) returns false
 ~> false (true)
 ✓
Checking whether checkGradeValidity( 12 ) returns false
 ~> false (true)
 ✓
Checking whether checkGradeValidity( 13 ) returns false
 ~> false (true)
 ✓
Checking whether checkGradeValidity( 14 ) returns false
 ~> false (true)
 ✓
Checking whether checkGradeValidity( 15 ) returns false
 ~> false (true)
 ✓
Checking whether checkGradeValidity( 16 ) returns false
 ~> false (true)
 ✓
Checking whether checkGradeValidity( 17 ) returns false
 ~> false (true)
 ✓
Checking whether checkGradeValidity( 18 ) returns false
 ~> false (true)
 ✓
Checking whether checkGradeValidity( 19 ) returns false
 ~> false (true)
 ✓
Checking whether checkGradeValidity( 20 ) returns false
 ~> false (true)
 ✓
Checking whether checkGradeValidity( 21 ) returns false
 ~> false (true)
 ✓
Checking whether checkGradeValidity( 22 ) returns false
 ~> false (true)
 ✓
Checking whether checkGradeValidity( 23 ) returns false
 ~> false (true)
 ✓
Checking whether checkGradeValidity( 24 ) returns false
 ~> false (true)
 ✓
Checking whether checkGradeValidity( 25 ) returns false
 ~> false (true)
 ✓
Checking whether checkGradeValidity( 26 ) returns false
 ~> false (true)
 ✓
Checking whether checkGradeValidity( 27 ) returns false
 ~> false (true)
 ✓
Checking whether checkGradeValidity( 28 ) returns false
 ~> false (true)
 ✓
Checking whether checkGradeValidity( 29 ) returns false
 ~> false (true)
 ✓
Checking whether checkGradeValidity( 30 ) returns false
 ~> false (true)
 ✓
Checking whether checkGradeValidity( 31 ) returns false
 ~> false (true)
 ✓
Checking whether checkGradeValidity( 32 ) returns false
 ~> false (true)
 ✓
Checking whether checkGradeValidity( 33 ) returns false
 ~> false (true)
 ✓
Checking whether checkGradeValidity( 34 ) returns false
 ~> false (true)
 ✓
Checking whether checkGradeValidity( 35 ) returns false
 ~> false (true)
 ✓
Checking whether checkGradeValidity( 36 ) returns false
 ~> false (true)
 ✓
Checking whether checkGradeValidity( 37 ) returns false
 ~> false (true)
 ✓
Checking whether checkGradeValidity( 38 ) returns false
 ~> false (true)
 ✓
Checking whether checkGradeValidity( 39 ) returns false
 ~> false (true)
 ✓
Checking whether checkGradeValidity( 40 ) returns false
 ~> false (true)
 ✓
Checking whether checkGradeValidity( 41 ) returns false
 ~> false (true)
 ✓
Checking whether checkGradeValidity( 42 ) returns false
 ~> false (true)
 ✓
Checking whether checkGradeValidity( 43 ) returns false
 ~> false (true)
 ✓
Checking whether checkGradeValidity( 44 ) returns false
 ~> false (true)
 ✓
Checking whether checkGradeValidity( 45 ) returns false
 ~> false (true)
 ✓
Checking whether checkGradeValidity( 46 ) returns false
 ~> false (true)
 ✓
Checking whether checkGradeValidity( 47 ) returns false
 ~> false (true)
 ✓
Checking whether checkGradeValidity( 48 ) returns false
 ~> false (true)
 ✓
Checking whether checkGradeValidity( 49 ) returns false
 ~> false (true)
 ✓
Checking whether checkGradeValidity( 50 ) returns false
 ~> false (true)
 ✓
Checking whether checkGradeValidity( 51 ) returns false
 ~> false (true)
 ✓
Checking whether checkGradeValidity( 52 ) returns false
 ~> false (true)
 ✓
Checking whether checkGradeValidity( 53 ) returns false
 ~> false (true)
 ✓
Checking whether checkGradeValidity( 54 ) returns false
 ~> false (true)
 ✓
Checking whether checkGradeValidity( 55 ) returns false
 ~> false (true)
 ✓
Checking whether checkGradeValidity( 56 ) returns false
 ~> false (true)
 ✓
Checking whether checkGradeValidity( 57 ) returns false
 ~> false (true)
 ✓
Checking whether checkGradeValidity( 58 ) returns false
 ~> false (true)
 ✓
Checking whether checkGradeValidity( 59 ) returns false
 ~> false (true)
 ✓
Checking whether checkGradeValidity( 60 ) returns false
 ~> false (true)
 ✓
Checking whether checkGradeValidity( 61 ) returns false
 ~> false (true)
 ✓
Checking whether checkGradeValidity( 62 ) returns false
 ~> false (true)
 ✓
Checking whether checkGradeValidity( 63 ) returns false
 ~> false (true)
 ✓
Checking whether checkGradeValidity( 64 ) returns false
 ~> false (true)
 ✓
Checking whether checkGradeValidity( 65 ) returns true
 ~> true (true)
 ✓
Checking whether checkGradeValidity( 97 ) returns true
 ~> true (true)
 ✓
Checking whether checkGradeValidity( 66 ) returns false
 ~> false (true)
 ✓
Checking whether checkGradeValidity( 67 ) returns false
 ~> false (true)
 ✓
Checking whether checkGradeValidity( 68 ) returns false
 ~> false (true)
 ✓
Checking whether checkGradeValidity( 69 ) returns false
 ~> false (true)
 ✓
Checking whether checkGradeValidity( 70 ) returns true
 ~> true (true)
 ✓
Checking whether checkGradeValidity( 102 ) returns true
 ~> true (true)
 ✓
Calling new Course( "dufpeedrpv", 922979, 'P', 0, 2, 55.0, true )
Calling new StudentCourse( [922979P (55.00 cr), "dufpeedrpv". Optional, period: 2.], 4, 2022 )
Checking whether checkGradeValidity( 0 ) returns true
 ~> true (true)
 ✓
Checking whether checkGradeValidity( 1 ) returns true
 ~> true (true)
 ✓
Checking whether checkGradeValidity( 2 ) returns true
 ~> true (true)
 ✓
Checking whether checkGradeValidity( 3 ) returns true
 ~> true (true)
 ✓
Checking whether checkGradeValidity( 4 ) returns true
 ~> true (true)
 ✓
Checking whether checkGradeValidity( 5 ) returns true
 ~> true (true)
 ✓
Checking whether checkGradeValidity( 6 ) returns false
 ~> false (true)
 ✓
Checking whether checkGradeValidity( 7 ) returns false
 ~> false (true)
 ✓
Checking whether checkGradeValidity( 8 ) returns false
 ~> false (true)
 ✓
Checking whether checkGradeValidity( 9 ) returns false
 ~> false (true)
 ✓
Checking whether checkGradeValidity( 10 ) returns false
 ~> false (true)
 ✓
Checking whether checkGradeValidity( 11 ) returns false
 ~> false (true)
 ✓
Checking whether checkGradeValidity( 12 ) returns false
 ~> false (true)
 ✓
Checking whether checkGradeValidity( 13 ) returns false
 ~> false (true)
 ✓
Checking whether checkGradeValidity( 14 ) returns false
 ~> false (true)
 ✓
Checking whether checkGradeValidity( 15 ) returns false
 ~> false (true)
 ✓
Checking whether checkGradeValidity( 16 ) returns false
 ~> false (true)
 ✓
Checking whether checkGradeValidity( 17 ) returns false
 ~> false (true)
 ✓
Checking whether checkGradeValidity( 18 ) returns false
 ~> false (true)
 ✓
Checking whether checkGradeValidity( 19 ) returns false
 ~> false (true)
 ✓
Checking whether checkGradeValidity( 20 ) returns false
 ~> false (true)
 ✓
Checking whether checkGradeValidity( 21 ) returns false
 ~> false (true)
 ✓
Checking whether checkGradeValidity( 22 ) returns false
 ~> false (true)
 ✓
Checking whether checkGradeValidity( 23 ) returns false
 ~> false (true)
 ✓
Checking whether checkGradeValidity( 24 ) returns false
 ~> false (true)
 ✓
Checking whether checkGradeValidity( 25 ) returns false
 ~> false (true)
 ✓
Checking whether checkGradeValidity( 26 ) returns false
 ~> false (true)
 ✓
Checking whether checkGradeValidity( 27 ) returns false
 ~> false (true)
 ✓
Checking whether checkGradeValidity( 28 ) returns false
 ~> false (true)
 ✓
Checking whether checkGradeValidity( 29 ) returns false
 ~> false (true)
 ✓
Checking whether checkGradeValidity( 30 ) returns false
 ~> false (true)
 ✓
Checking whether checkGradeValidity( 31 ) returns false
 ~> false (true)
 ✓
Checking whether checkGradeValidity( 32 ) returns false
 ~> false (true)
 ✓
Checking whether checkGradeValidity( 33 ) returns false
 ~> false (true)
 ✓
Checking whether checkGradeValidity( 34 ) returns false
 ~> false (true)
 ✓
Checking whether checkGradeValidity( 35 ) returns false
 ~> false (true)
 ✓
Checking whether checkGradeValidity( 36 ) returns false
 ~> false (true)
 ✓
Checking whether checkGradeValidity( 37 ) returns false
 ~> false (true)
 ✓
Checking whether checkGradeValidity( 38 ) returns false
 ~> false (true)
 ✓
Checking whether checkGradeValidity( 39 ) returns false
 ~> false (true)
 ✓
Checking whether checkGradeValidity( 40 ) returns false
 ~> false (true)
 ✓
Checking whether checkGradeValidity( 41 ) returns false
 ~> false (true)
 ✓
Checking whether checkGradeValidity( 42 ) returns false
 ~> false (true)
 ✓
Checking whether checkGradeValidity( 43 ) returns false
 ~> false (true)
 ✓
Checking whether checkGradeValidity( 44 ) returns false
 ~> false (true)
 ✓
Checking whether checkGradeValidity( 45 ) returns false
 ~> false (true)
 ✓
Checking whether checkGradeValidity( 46 ) returns false
 ~> false (true)
 ✓
Checking whether checkGradeValidity( 47 ) returns false
 ~> false (true)
 ✓
Checking whether checkGradeValidity( 48 ) returns false
 ~> false (true)
 ✓
Checking whether checkGradeValidity( 49 ) returns false
 ~> false (true)
 ✓
Checking whether checkGradeValidity( 50 ) returns false
 ~> false (true)
 ✓
Checking whether checkGradeValidity( 51 ) returns false
 ~> false (true)
 ✓
Checking whether checkGradeValidity( 52 ) returns false
 ~> false (true)
 ✓
Checking whether checkGradeValidity( 53 ) returns false
 ~> false (true)
 ✓
Checking whether checkGradeValidity( 54 ) returns false
 ~> false (true)
 ✓
Checking whether checkGradeValidity( 55 ) returns false
 ~> false (true)
 ✓
Checking whether checkGradeValidity( 56 ) returns false
 ~> false (true)
 ✓
Checking whether checkGradeValidity( 57 ) returns false
 ~> false (true)
 ✓
Checking whether checkGradeValidity( 58 ) returns false
 ~> false (true)
 ✓
Checking whether checkGradeValidity( 59 ) returns false
 ~> false (true)
 ✓
Checking whether checkGradeValidity( 60 ) returns false
 ~> false (true)
 ✓
Checking whether checkGradeValidity( 61 ) returns false
 ~> false (true)
 ✓
Checking whether checkGradeValidity( 62 ) returns false
 ~> false (true)
 ✓
Checking whether checkGradeValidity( 63 ) returns false
 ~> false (true)
 ✓
Checking whether checkGradeValidity( 64 ) returns false
 ~> false (true)
 ✓
Checking whether checkGradeValidity( 65 ) returns false
 ~> false (true)
 ✓
Checking whether checkGradeValidity( 66 ) returns false
 ~> false (true)
 ✓
Checking whether checkGradeValidity( 67 ) returns false
 ~> false (true)
 ✓
Checking whether checkGradeValidity( 68 ) returns false
 ~> false (true)
 ✓
Checking whether checkGradeValidity( 69 ) returns false
 ~> false (true)
 ✓
Checking whether checkGradeValidity( 70 ) returns false
 ~> false (true)
 ✓
]]></system-out>
  </testcase>
  <testcase name="yearCompletedTests" classname="dev.m3s.programming2.homework2.StudentCourseTests" time="0.019">
    <system-out><![CDATA[Calling new Course( "nntzqezydg", 63886, 'P', 1, 5, 23.0, true )
Calling new StudentCourse( [63886P (23.00 cr), "nntzqezydg". Mandatory, period: 5.], 4, 2006 )
Calling new Course( "duhsfqtabk", 104122, 'P', 0, 2, 49.0, false )
Creating new StudentCourse( [104122P (49.00 cr), "duhsfqtabk". Optional, period: 2.], 1917, 52 ) (letter graded) 
Calling new StudentCourse( [104122P (49.00 cr), "duhsfqtabk". Optional, period: 2.], 52, 1917 )
Calling setGrade( 'A' )
Checking whether private int yearCompleted is 2026
 ~> 2026 (true)
Reading the value of private int yearCompleted
 ~> 2026
 ✓
Checking whether getYear(  ) returns 2026
 ~> 2026 (true)
Calling getYear(  )
 ✓
Calling setYear( 2001 )
Checking whether private int yearCompleted is 2001
 ~> 2001 (true)
Calling setYear( 2026 )
Checking whether private int yearCompleted is 2026
 ~> 2026 (true)
Calling setYear( 2000 )
Checking whether private int yearCompleted is within ]2000, 2026]
 ~> 2026 (true)
Calling setYear( 2027 )
Checking whether private int yearCompleted is within ]2000, 2026]
 ~> 2026 (true)
Calling setYear( 2018 )
Checking whether getYear(  ) returns 2018
 ~> 2018 (true)
Reading the value of private int yearCompleted
 ~> 2018
 ✓
Calling setYear( -1 )
Checking whether private int yearCompleted is 2018
 ~> 2018 (true)
Reading the value of private int yearCompleted
 ~> 2018
 ✓
]]></system-out>
  </testcase>
  <testcase name="toStringTests" classname="dev.m3s.programming2.homework2.StudentCourseTests" time="0.018">
    <system-out><![CDATA[Calling new Course( "vhvjtujjeg", 956510, 'P', 1, 4, 18.0, false )
Calling new StudentCourse( [956510P (18.00 cr), "vhvjtujjeg". Mandatory, period: 4.], 70, 2021 )
Calling new Course( "gkkmsjdzbw", 470940, 'A', 0, 1, 40.0, true )
Calling new StudentCourse( [470940A (40.00 cr), "gkkmsjdzbw". Optional, period: 1.], 0, 2010 )
Calling toString(  )
The output should match the regular expression pattern: "\[?\[470940A \( 40\.?00 cr\), "gkkmsjdzbw"\.? Optional, period: 1\.?\] Year: 2010, Grade: "?Not graded"?\.?\] "
Attempting to locate the starting point of the regular expression pattern: "\[?\[4709"
 ✓
 ✓
Calling new Course( "tedskdppbc", 167356, 'A', 0, 2, 29.0, true )
Calling new StudentCourse( [167356A (29.00 cr), "tedskdppbc". Optional, period: 2.], 1, 2010 )
Calling toString(  )
The output should match the regular expression pattern: "\[?\[167356A \( 29\.?00 cr\), "tedskdppbc"\.? Optional, period: 2\.?\] Year: 2010, Grade: 1\.?\] "
Attempting to locate the starting point of the regular expression pattern: "\[?\[1673"
 ✓
 ✓
Calling new Course( "ssnbyjiaym", 588796, 'A', 0, 3, 27.0, true )
Calling new StudentCourse( [588796A (27.00 cr), "ssnbyjiaym". Optional, period: 3.], 2, 2019 )
Calling toString(  )
The output should match the regular expression pattern: "\[?\[588796A \( 27\.?00 cr\), "ssnbyjiaym"\.? Optional, period: 3\.?\] Year: 2019, Grade: 2\.?\] "
Attempting to locate the starting point of the regular expression pattern: "\[?\[5887"
 ✓
 ✓
Calling new Course( "tqeyelfcyy", 740107, 'A', 1, 2, 21.0, true )
Calling new StudentCourse( [740107A (21.00 cr), "tqeyelfcyy". Mandatory, period: 2.], 3, 2009 )
Calling toString(  )
The output should match the regular expression pattern: "\[?\[740107A \( 21\.?00 cr\), "tqeyelfcyy"\.? Mandatory, period: 2\.?\] Year: 2009, Grade: 3\.?\] "
Attempting to locate the starting point of the regular expression pattern: "\[?\[7401"
 ✓
 ✓
Calling new Course( "vapqdvirsa", 99517, 'A', 1, 3, 21.0, true )
Calling new StudentCourse( [99517A (21.00 cr), "vapqdvirsa". Mandatory, period: 3.], 4, 2010 )
Calling toString(  )
The output should match the regular expression pattern: "\[?\[99517A \( 21\.?00 cr\), "vapqdvirsa"\.? Mandatory, period: 3\.?\] Year: 2010, Grade: 4\.?\] "
Attempting to locate the starting point of the regular expression pattern: "\[?\[9951"
 ✓
 ✓
Calling new Course( "hygzfblvyl", 178577, 'S', 1, 4, 30.0, true )
Calling new StudentCourse( [178577S (30.00 cr), "hygzfblvyl". Mandatory, period: 4.], 5, 2010 )
Calling toString(  )
The output should match the regular expression pattern: "\[?\[178577S \( 30\.?00 cr\), "hygzfblvyl"\.? Mandatory, period: 4\.?\] Year: 2010, Grade: 5\.?\] "
Attempting to locate the starting point of the regular expression pattern: "\[?\[1785"
 ✓
 ✓
Calling new Course( "qrzgfqvlnx", 958815, 'P', 0, 4, 35.0, false )
Calling new StudentCourse( [958815P (35.00 cr), "qrzgfqvlnx". Optional, period: 4.], 65, 2016 )
Calling toString(  )
The output should match the regular expression pattern: "\[?\[958815P \( 35\.?00 cr\), "qrzgfqvlnx"\.? Optional, period: 4\.?\] Year: 2016, Grade: A\.?\] "
Attempting to locate the starting point of the regular expression pattern: "\[?\[9588"
 ✓
 ✓
Calling new Course( "tuocucsqqq", 464546, 'A', 0, 1, 53.0, false )
Calling new StudentCourse( [464546A (53.00 cr), "tuocucsqqq". Optional, period: 1.], 65, 2014 )
Calling toString(  )
The output should match the regular expression pattern: "\[?\[464546A \( 53\.?00 cr\), "tuocucsqqq"\.? Optional, period: 1\.?\] Year: 2014, Grade: A\.?\] "
Attempting to locate the starting point of the regular expression pattern: "\[?\[4645"
 ✓
 ✓
]]></system-out>
  </testcase>
  <testcase name="gradeNumNumericTests" classname="dev.m3s.programming2.homework2.StudentCourseTests" time="0.005">
    <system-out><![CDATA[Calling new Course( "wrwpxtbmbl", 459555, 'P', 0, 4, 18.0, true )
Calling new StudentCourse( [459555P (18.00 cr), "wrwpxtbmbl". Optional, period: 4.], 1, 2005 )
Calling new Course( "lwcsqygvip", 279339, 'P', 0, 2, 13.0, true )
Calling new StudentCourse( [279339P (13.00 cr), "lwcsqygvip". Optional, period: 2.], -1, -1 )
Calling setGrade( 0 )
Checking whether private int gradeNum is 0
 ~> 0 (true)
Calling setGrade( 5 )
Checking whether private int gradeNum is 5
 ~> 5 (true)
Calling setGrade( -1 )
Checking whether private int gradeNum is within [0, 5]
 ~> 5 (true)
Calling setGrade( 6 )
Checking whether private int gradeNum is within [0, 5]
 ~> 5 (true)
Reading the value of private int gradeNum
 ~> 5
 ✓
Reading the value of private int yearCompleted
 ~> 2026
 ✓
Assigning value 1 to private int gradeNum
Calling getGradeNum(  )
 ✓
Calling setGrade( 3 )
Checking whether getGradeNum(  ) returns 3
 ~> 3 (true)
 ✓
Calling setGrade( 65 )
Checking whether getGradeNum(  ) returns 65
 ~> 3 (false)
 ✓
Calling setGrade( 70 )
Checking whether getGradeNum(  ) returns 70
 ~> 3 (false)
 ✓
Reading the value of private int gradeNum
 ~> 3
 ✓
]]></system-out>
  </testcase>
</testsuite>