<?xml version="1.0" encoding="UTF-8"?>
<testsuite xmlns:xsi="http://www.w3.org/2001/XMLSchema-instance" xsi:noNamespaceSchemaLocation="https://maven.apache.org/surefire/maven-surefire-plugin/xsd/surefire-test-report-3.0.xsd" version="3.0" name="dev.m3s.programming2.homework2.StudentCourseTests" time="0.188" tests="9" errors="0" skipped="0" failures="2">
  <properties>
[...]
</properties>
  <testcase name="isPassedLetterTests" classname="dev.m3s.programming2.homework2.StudentCourseTests" time="0.02">
    <failure type="java.lang.AssertionError"><![CDATA[java.lang.AssertionError: 
Incorrect return value of isPassed
Expected: is ⟨false⟩
     but: was ⟨true⟩
(<== see Console output for more context)
	at dev.m3s.programming2.homework2.StudentCourseTests.isPassedLetterTests(StudentCourseTests.java:255)
]]></failure>
    <system-out><![CDATA[Calling new Course( "uhbtiykthk", 95186, 'A', 0, 2, 20.0, true )
Calling new StudentCourse( [95186A (20.00 cr), "uhbtiykthk". Optional, period: 2.], 1, 2017 )
Calling new Course( "miytokgrrl", 635609, 'P', 1, 4, 49.0, false )
Calling new StudentCourse( [635609P (49.00 cr), "miytokgrrl". Mandatory, period: 4.], 70, 2025 )
Calling setGrade( 'F' )
Calling isPassed(  )
 ✓
Calling setGrade( 'A' )
Calling isPassed(  )
 ✓
Calling setGrade( 'f' )
Calling isPassed(  )
]]></system-out>
  </testcase>
  <testcase name="parameterlessConstructorTest" classname="dev.m3s.programming2.homework2.StudentCourseTests" time="0.004">
    <system-out><![CDATA[Calling new Course( "rdffflzepc", 642330, 'S', 1, 5, 39.0, true )
Calling new StudentCourse( [642330S (39.00 cr), "rdffflzepc". Mandatory, period: 5.], 0, 2016 )
Calling new StudentCourse(  )
]]></system-out>
  </testcase>
  <testcase name="isPassedNumericTests" classname="dev.m3s.programming2.homework2.StudentCourseTests" time="0.007">
    <system-out><![CDATA[Calling new Course( "phlndeyxar", 154390, 'P', 0, 5, 26.0, true )
Calling new StudentCourse( [154390P (26.00 cr), "phlndeyxar". Optional, period: 5.], 0, 2005 )
Calling new Course( "xsewncbotq", 248915, 'S', 0, 1, 13.0, true )
Calling new StudentCourse( [248915S (13.00 cr), "xsewncbotq". Optional, period: 1.], 4, 2016 )
Calling setGrade( 0 )
Calling isPassed(  )
 ✓
Calling setGrade( 1 )
Calling isPassed(  )
 ✓
Calling setGrade( 2 )
Calling isPassed(  )
 ✓
Calling setGrade( 3 )
Calling isPassed(  )
 ✓
Calling setGrade( 4 )
Calling isPassed(  )
 ✓
Calling setGrade( 5 )
Calling isPassed(  )
 ✓
Calling setGrade( 0 )
Calling isPassed(  )
 ✓
Calling setGrade( 'A' )
Calling isPassed(  )
 ✓
Calling setGrade( 'a' )
Calling isPassed(  )
 ✓
Calling setGrade( 1 )
Calling setGrade( 'F' )
Calling isPassed(  )
 ✓
Calling setGrade( 'f' )
Calling isPassed(  )
 ✓
]]></system-out>
  </testcase>
  <testcase name="courseTests" classname="dev.m3s.programming2.homework2.StudentCourseTests" time="0.012">
    <system-out><![CDATA[Calling new Course( "ashrysnjgp", 599399, 'S', 0, 4, 5.0, false )
Calling new StudentCourse( [599399S ( 5.00 cr), "ashrysnjgp". Optional, period: 4.], 70, 2006 )
Calling new Course( "oqxucqzwgu", 427002, 'P', 0, 4, 8.0, true )
Calling setCourse( [427002P ( 8.00 cr), "oqxucqzwgu". Optional, period: 4.] )
Calling getCourse(  )
Checking whether the two course objects are equal:
 => Course 2: Reading the value of private String name
 ~> "oqxucqzwgu"
 => Course 1: Checking whether private String name is "oqxucqzwgu"
 ~> "oqxucqzwgu" (true)
 ✓
 => Course 2: Reading the value of private String courseCode
 ~> "427002P"
 => Course 1: Checking whether the value of private String courseCode matches "427002P"
 ~> "427002P" (true)
 ✓
 => Course 2: Reading the value of private Character courseBase
 ~> 'P'
 => Course 1: Checking whether private Character courseBase is 'P'
 ~> 'P' (true)
 ✓
 => Course 2: Reading the value of private int period
 ~> 4
 => Course 1: Checking whether private int period is 4
 ~> 4 (true)
 ✓
 => Course 2: Reading the value of private double credits
 ~> 8.0
 => Course 1: Checking whether private double credits is 8.0
 ~> 8.0 (true)
 ✓
 => Course 2: Reading the value of private boolean numericGrade
 ~> true
 => Course 1: Checking whether private boolean numericGrade is true
 ~> true (true)
 ✓
=> The course objects are equal.

Reading the value of private Course course
 ~> [427002P ( 8.00 cr), "oqxucqzwgu". Optional, period: 4.]
Checking whether the two course objects are equal:
 => Course 2: Reading the value of private String name
 ~> "oqxucqzwgu"
 => Course 1: Checking whether private String name is "oqxucqzwgu"
 ~> "oqxucqzwgu" (true)
 ✓
 => Course 2: Reading the value of private String courseCode
 ~> "427002P"
 => Course 1: Checking whether the value of private String courseCode matches "427002P"
 ~> "427002P" (true)
 ✓
 => Course 2: Reading the value of private Character courseBase
 ~> 'P'
 => Course 1: Checking whether private Character courseBase is 'P'
 ~> 'P' (true)
 ✓
 => Course 2: Reading the value of private int period
 ~> 4
 => Course 1: Checking whether private int period is 4
 ~> 4 (true)
 ✓
 => Course 2: Reading the value of private double credits
 ~> 8.0
 => Course 1: Checking whether private double credits is 8.0
 ~> 8.0 (true)
 ✓
 => Course 2: Reading the value of private boolean numericGrade
 ~> true
 => Course 1: Checking whether private boolean numericGrade is true
 ~> true (true)
 ✓
=> The course objects are equal.

]]></system-out>
  </testcase>
  <testcase name="gradeNumLetterTests" classname="dev.m3s.programming2.homework2.StudentCourseTests" time="0.036">
    <system-out><![CDATA[Calling new Course( "zlybjxuiow", 536854, 'S', 1, 3, 1.0, false )
Calling new StudentCourse( [536854S ( 1.00 cr), "zlybjxuiow". Mandatory, period: 3.], 65, 2005 )
Calling new Course( "ilpcdluvlj", 954819, 'S', 0, 3, 9.0, false )
Calling new StudentCourse( [954819S ( 9.00 cr), "ilpcdluvlj". Optional, period: 3.], 0, 0 )
Calling setGrade( 70 )
Checking whether private int gradeNum is 70
 ~> 70 (true)
Reading the value of private int gradeNum
 ~> 70
 ✓
Reading the value of private int yearCompleted
 ~> 2026
 ✓
Assigning value 65 to private int gradeNum
Checking whether getGradeNum(  ) returns 65
 ~> 65 (true)
Calling getGradeNum(  )
 ✓
Calling setGrade( 0 )
Checking whether getGradeNum(  ) returns 0
 ~> 65 (false)
 ✓
Calling setGrade( 1 )
Checking whether getGradeNum(  ) returns 1
 ~> 65 (false)
 ✓
Calling setGrade( 2 )
Checking whether getGradeNum(  ) returns 2
 ~> 65 (false)
 ✓
Calling setGrade( 3 )
Checking whether getGradeNum(  ) returns 3
 ~> 65 (false)
 ✓
Calling setGrade( 4 )
Checking whether getGradeNum(  ) returns 4
 ~> 65 (false)
 ✓
Calling setGrade( 5 )
Checking whether getGradeNum(  ) returns 5
 ~> 65 (false)
 ✓
Checking whether private int gradeNum is 65
 ~> 65 (true)
Reading the value of private int gradeNum
 ~> 65
 ✓
]]></system-out>
  </testcase>
  <testcase name="checkGradeValidityTests" classname="dev.m3s.programming2.homework2.StudentCourseTests" time="0.014">
    <failure type="java.lang.AssertionError"><![CDATA[java.lang.AssertionError: 
Incorrect return value of checkGradeValidity
Expected: is ⟨true⟩
     but: was ⟨false⟩
(<== see Console output for more context)
	at dev.m3s.programming2.homework2.StudentCourseTests.checkGradeValidityTests(StudentCourseTests.java:170)
]]></failure>
    <system-out><![CDATA[Calling new Course( "byqxpugxgz", 40429, 'S', 0, 2, 46.0, false )
Calling new StudentCourse( [40429S (46.00 cr), "byqxpugxgz". Optional, period: 2.], 65, 2019 )
Calling new Course( "zjldniyrfw", 475928, 'S', 1, 5, 20.0, false )
Calling new StudentCourse( [475928S (20.00 cr), "zjldniyrfw". Mandatory, period: 5.], 70, 2026 )
Checking whether checkGradeValidity( 0 ) returns false
 ~> false (true)
 ✓
Checking whether checkGradeValidity( 1 ) returns false
 ~> false (true)
 ✓
Checking whether checkGradeValidity( 2 ) returns false
 ~> false (true)
 ✓
Checking whether checkGradeValidity( 3 ) returns false
 ~> false (true)
 ✓
Checking whether checkGradeValidity( 4 ) returns false
 ~> false (true)
 ✓
Checking whether checkGradeValidity( 5 ) returns false
 ~> false (true)
 ✓
Checking whether checkGradeValidity( 6 ) returns false
 ~> false (true)
 ✓
Checking whether checkGradeValidity( 7 ) returns false
 ~> false (true)
 ✓
Checking whether checkGradeValidity( 8 ) returns false
 ~> false (true)
 ✓
Checking whether checkGradeValidity( 9 ) returns false
 ~> false (true)
 ✓
Checking whether checkGradeValidity( 10 ) returns false
 ~> false (true)
 ✓
Checking whether checkGradeValidity( 11 ) returns false
 ~> false (true)
 ✓
Checking whether checkGradeValidity( 12 ) returns false
 ~> false (true)
 ✓
Checking whether checkGradeValidity( 13 ) returns false
 ~> false (true)
 ✓
Checking whether checkGradeValidity( 14 ) returns false
 ~> false (true)
 ✓
Checking whether checkGradeValidity( 15 ) returns false
 ~> false (true)
 ✓
Checking whether checkGradeValidity( 16 ) returns false
 ~> false (true)
 ✓
Checking whether checkGradeValidity( 17 ) returns false
 ~> false (true)
 ✓
Checking whether checkGradeValidity( 18 ) returns false
 ~> false (true)
 ✓
Checking whether checkGradeValidity( 19 ) returns false
 ~> false (true)
 ✓
Checking whether checkGradeValidity( 20 ) returns false
 ~> false (true)
 ✓
Checking whether checkGradeValidity( 21 ) returns false
 ~> false (true)
 ✓
Checking whether checkGradeValidity( 22 ) returns false
 ~> false (true)
 ✓
Checking whether checkGradeValidity( 23 ) returns false
 ~> false (true)
 ✓
Checking whether checkGradeValidity( 24 ) returns false
 ~> false (true)
 ✓
Checking whether checkGradeValidity( 25 ) returns false
 ~> false (true)
 ✓
Checking whether checkGradeValidity( 26 ) returns false
 ~> false (true)
 ✓
Checking whether checkGradeValidity( 27 ) returns false
 ~> false (true)
 ✓
Checking whether checkGradeValidity( 28 ) returns false
 ~> false (true)
 ✓
Checking whether checkGradeValidity( 29 ) returns false
 ~> false (true)
 ✓
Checking whether checkGradeValidity( 30 ) returns false
 ~> false (true)
 ✓
Checking whether checkGradeValidity( 31 ) returns false
 ~> false (true)
 ✓
Checking whether checkGradeValidity( 32 ) returns false
 ~> false (true)
 ✓
Checking whether checkGradeValidity( 33 ) returns false
 ~> false (true)
 ✓
Checking whether checkGradeValidity( 34 ) returns false
 ~> false (true)
 ✓
Checking whether checkGradeValidity( 35 ) returns false
 ~> false (true)
 ✓
Checking whether checkGradeValidity( 36 ) returns false
 ~> false (true)
 ✓
Checking whether checkGradeValidity( 37 ) returns false
 ~> false (true)
 ✓
Checking whether checkGradeValidity( 38 ) returns false
 ~> false (true)
 ✓
Checking whether checkGradeValidity( 39 ) returns false
 ~> false (true)
 ✓
Checking whether checkGradeValidity( 40 ) returns false
 ~> false (true)
 ✓
Checking whether checkGradeValidity( 41 ) returns false
 ~> false (true)
 ✓
Checking whether checkGradeValidity( 42 ) returns false
 ~> false (true)
 ✓
Checking whether checkGradeValidity( 43 ) returns false
 ~> false (true)
 ✓
Checking whether checkGradeValidity( 44 ) returns false
 ~> false (true)
 ✓
Checking whether checkGradeValidity( 45 ) returns false
 ~> false (true)
 ✓
Checking whether checkGradeValidity( 46 ) returns false
 ~> false (true)
 ✓
Checking whether checkGradeValidity( 47 ) returns false
 ~> false (true)
 ✓
Checking whether checkGradeValidity( 48 ) returns false
 ~> false (true)
 ✓
Checking whether checkGradeValidity( 49 ) returns false
 ~> false (true)
 ✓
Checking whether checkGradeValidity( 50 ) returns false
 ~> false (true)
 ✓
Checking whether checkGradeValidity( 51 ) returns false
 ~> false (true)
 ✓
Checking whether checkGradeValidity( 52 ) returns false
 ~> false (true)
 ✓
Checking whether checkGradeValidity( 53 ) returns false
 ~> false (true)
 ✓
Checking whether checkGradeValidity( 54 ) returns false
 ~> false (true)
 ✓
Checking whether checkGradeValidity( 55 ) returns false
 ~> false (true)
 ✓
Checking whether checkGradeValidity( 56 ) returns false
 ~> false (true)
 ✓
Checking whether checkGradeValidity( 57 ) returns false
 ~> false (true)
 ✓
Checking whether checkGradeValidity( 58 ) returns false
 ~> false (true)
 ✓
Checking whether checkGradeValidity( 59 ) returns false
 ~> false (true)
 ✓
Checking whether checkGradeValidity( 60 ) returns false
 ~> false (true)
 ✓
Checking whether checkGradeValidity( 61 ) returns false
 ~> false (true)
 ✓
Checking whether checkGradeValidity( 62 ) returns false
 ~> false (true)
 ✓
Checking whether checkGradeValidity( 63 ) returns false
 ~> false (true)
 ✓
Checking whether checkGradeValidity( 64 ) returns false
 ~> false (true)
 ✓
Checking whether checkGradeValidity( 65 ) returns true
 ~> true (true)
 ✓
Checking whether checkGradeValidity( 97 ) returns true
 ~> false (false)
]]></system-out>
  </testcase>
  <testcase name="yearCompletedTests" classname="dev.m3s.programming2.homework2.StudentCourseTests" time="0.012">
    <system-out><![CDATA[Calling new Course( "csffzqzfxr", 714785, 'S', 1, 3, 5.0, false )
Calling new StudentCourse( [714785S ( 5.00 cr), "csffzqzfxr". Mandatory, period: 3.], 70, 2024 )
Calling new Course( "nihsqyxtmb", 464218, 'A', 0, 2, 54.0, false )
Creating new StudentCourse( [464218A (54.00 cr), "nihsqyxtmb". Optional, period: 2.], 113, 38 ) (letter graded) 
Calling new StudentCourse( [464218A (54.00 cr), "nihsqyxtmb". Optional, period: 2.], 38, 113 )
Calling setGrade( 'A' )
Checking whether private int yearCompleted is 2026
 ~> 2026 (true)
Reading the value of private int yearCompleted
 ~> 2026
 ✓
Checking whether getYear(  ) returns 2026
 ~> 2026 (true)
Calling getYear(  )
 ✓
Calling setYear( 2001 )
Checking whether private int yearCompleted is 2001
 ~> 2001 (true)
Calling setYear( 2026 )
Checking whether private int yearCompleted is 2026
 ~> 2026 (true)
Calling setYear( 2000 )
Checking whether private int yearCompleted is within ]2000, 2026]
 ~> 2026 (true)
Calling setYear( 2027 )
Checking whether private int yearCompleted is within ]2000, 2026]
 ~> 2026 (true)
Calling setYear( 2007 )
Checking whether getYear(  ) returns 2007
 ~> 2007 (true)
Reading the value of private int yearCompleted
 ~> 2007
 ✓
Calling setYear( -1 )
Checking whether private int yearCompleted is 2007
 ~> 2007 (true)
Reading the value of private int yearCompleted
 ~> 2007
 ✓
]]></system-out>
  </testcase>
  <testcase name="toStringTests" classname="dev.m3s.programming2.homework2.StudentCourseTests" time="0.041">
    <system-out><![CDATA[Calling new Course( "uqejrhsquh", 512768, 'A', 0, 1, 21.0, true )
Calling new StudentCourse( [512768A (21.00 cr), "uqejrhsquh". Optional, period: 1.], 3, 2006 )
Calling new Course( "vaagugumvw", 258651, 'P', 1, 1, 18.0, true )
Calling new StudentCourse( [258651P (18.00 cr), "vaagugumvw". Mandatory, period: 1.], 0, 2021 )
Calling toString(  )
The output should match the regular expression pattern: "\[?\[258651P \( 18\.?00 cr\), "vaagugumvw"\.? Mandatory, period: 1\.?\] Year: 2021, Grade: "?Not graded"?\.?\] "
Attempting to locate the starting point of the regular expression pattern: "\[?\[2586"
 ✓
 ✓
Calling new Course( "ybfgvhkoeh", 892753, 'P', 1, 5, 18.0, true )
Calling new StudentCourse( [892753P (18.00 cr), "ybfgvhkoeh". Mandatory, period: 5.], 1, 2022 )
Calling toString(  )
The output should match the regular expression pattern: "\[?\[892753P \( 18\.?00 cr\), "ybfgvhkoeh"\.? Mandatory, period: 5\.?\] Year: 2022, Grade: 1\.?\] "
Attempting to locate the starting point of the regular expression pattern: "\[?\[8927"
 ✓
 ✓
Calling new Course( "zyvzplxmlh", 509317, 'P', 1, 4, 37.0, true )
Calling new StudentCourse( [509317P (37.00 cr), "zyvzplxmlh". Mandatory, period: 4.], 2, 2001 )
Calling toString(  )
The output should match the regular expression pattern: "\[?\[509317P \( 37\.?00 cr\), "zyvzplxmlh"\.? Mandatory, period: 4\.?\] Year: 2001, Grade: 2\.?\] "
Attempting to locate the starting point of the regular expression pattern: "\[?\[5093"
 ✓
 ✓
Calling new Course( "rnvhpwnbxc", 800569, 'P', 0, 2, 27.0, true )
Calling new StudentCourse( [800569P (27.00 cr), "rnvhpwnbxc". Optional, period: 2.], 3, 2012 )
Calling toString(  )
The output should match the regular expression pattern: "\[?\[800569P \( 27\.?00 cr\), "rnvhpwnbxc"\.? Optional, period: 2\.?\] Year: 2012, Grade: 3\.?\] "
Attempting to locate the starting point of the regular expression pattern: "\[?\[8005"
 ✓
 ✓
Calling new Course( "wzikimokob", 534494, 'S', 1, 4, 6.0, true )
Calling new StudentCourse( [534494S ( 6.00 cr), "wzikimokob". Mandatory, period: 4.], 4, 2001 )
Calling toString(  )
The output should match the regular expression pattern: "\[?\[534494S \( 6\.?00 cr\), "wzikimokob"\.? Mandatory, period: 4\.?\] Year: 2001, Grade: 4\.?\] "
Attempting to locate the starting point of the regular expression pattern: "\[?\[5344"
 ✓
 ✓
Calling new Course( "fbgdihrczu", 55518, 'P', 0, 2, 53.0, true )
Calling new StudentCourse( [55518P (53.00 cr), "fbgdihrczu". Optional, period: 2.], 5, 2006 )
Calling toString(  )
The output should match the regular expression pattern: "\[?\[55518P \( 53\.?00 cr\), "fbgdihrczu"\.? Optional, period: 2\.?\] Year: 2006, Grade: 5\.?\] "
Attempting to locate the starting point of the regular expression pattern: "\[?\[5551"
 ✓
 ✓
Calling new Course( "zbpabksbky", 111101, 'P', 1, 3, 26.0, false )
Calling new StudentCourse( [111101P (26.00 cr), "zbpabksbky". Mandatory, period: 3.], 65, 2020 )
Calling toString(  )
The output should match the regular expression pattern: "\[?\[111101P \( 26\.?00 cr\), "zbpabksbky"\.? Mandatory, period: 3\.?\] Year: 2020, Grade: A\.?\] "
Attempting to locate the starting point of the regular expression pattern: "\[?\[1111"
 ✓
 ✓
Calling new Course( "nntgvnzzdv", 752527, 'A', 0, 3, 12.0, false )
Calling new StudentCourse( [752527A (12.00 cr), "nntgvnzzdv". Optional, period: 3.], 65, 2021 )
Calling toString(  )
The output should match the regular expression pattern: "\[?\[752527A \( 12\.?00 cr\), "nntgvnzzdv"\.? Optional, period: 3\.?\] Year: 2021, Grade: A\.?\] "
Attempting to locate the starting point of the regular expression pattern: "\[?\[7525"
 ✓
 ✓
]]></system-out>
  </testcase>
  <testcase name="gradeNumNumericTests" classname="dev.m3s.programming2.homework2.StudentCourseTests" time="0.016">
    <system-out><![CDATA[Calling new Course( "cmvgyqpfit", 841117, 'P', 0, 3, 6.0, false )
Calling new StudentCourse( [841117P ( 6.00 cr), "cmvgyqpfit". Optional, period: 3.], 65, 2012 )
Calling new Course( "rtbbclhlyd", 896685, 'A', 1, 3, 1.0, true )
Calling new StudentCourse( [896685A ( 1.00 cr), "rtbbclhlyd". Mandatory, period: 3.], -1, -1 )
Calling setGrade( 0 )
Checking whether private int gradeNum is 0
 ~> 0 (true)
Calling setGrade( 5 )
Checking whether private int gradeNum is 5
 ~> 5 (true)
Calling setGrade( -1 )
Checking whether private int gradeNum is within [0, 5]
 ~> 5 (true)
Calling setGrade( 6 )
Checking whether private int gradeNum is within [0, 5]
 ~> 5 (true)
Reading the value of private int gradeNum
 ~> 5
 ✓
Reading the value of private int yearCompleted
 ~> 2026
 ✓
Assigning value 1 to private int gradeNum
Calling getGradeNum(  )
 ✓
Calling setGrade( 3 )
Checking whether getGradeNum(  ) returns 3
 ~> 3 (true)
 ✓
Calling setGrade( 65 )
Checking whether getGradeNum(  ) returns 65
 ~> 3 (false)
 ✓
Calling setGrade( 70 )
Checking whether getGradeNum(  ) returns 70
 ~> 3 (false)
 ✓
Reading the value of private int gradeNum
 ~> 3
 ✓
]]></system-out>
  </testcase>
</testsuite>