<?xml version="1.0" encoding="UTF-8"?>
<testsuite xmlns:xsi="http://www.w3.org/2001/XMLSchema-instance" xsi:noNamespaceSchemaLocation="https://maven.apache.org/surefire/maven-surefire-plugin/xsd/surefire-test-report-3.0.xsd" version="3.0" name="dev.m3s.programming2.homework2.StudentTests" time="1.238" tests="9" errors="1" skipped="0" failures="1">
  <properties>
[...]
</properties>
  <testcase name="firstNameTests" classname="dev.m3s.programming2.homework2.StudentTests" time="0.01">
    <system-out><![CDATA[Calling new Student(  )
Reading the value of private String firstName
 ~> "No name"
Verifying that "No name" matches the expected pattern
""?No\s+name"?"
 ✓
Calling setFirstName( null )
Reading the value of private String firstName
 ~> "No name"
Verifying that "No name" matches the expected pattern
""?No\s+name"?"
 ✓
Calling setFirstName( "helbzkpjtcrenqebqjrvyaza" )
Reading the value of private String firstName
 ~> "helbzkpjtcrenqebqjrvyaza"
 ✓
Calling getFirstName(  )
 ✓
Assigning value "ieguuplh" to private String firstName
Calling getFirstName(  )
 ✓
]]></system-out>
  </testcase>
  <testcase name="graduationYearTests" classname="dev.m3s.programming2.homework2.StudentTests" time="0.003">
    <system-out><![CDATA[Calling new Student(  )
Reading the value of private int graduationYear
 ~> -1
 ✓
Checking whether getGraduationYear(  ) returns within [2001, 2026]
 ~> -1 (false)
 ✓
Assigning value 2015 to private int startYear
Assigning value 2022 to private int graduationYear
Calling getGraduationYear(  )
 ✓
]]></system-out>
  </testcase>
  <testcase name="startYearTests" classname="dev.m3s.programming2.homework2.StudentTests" time="0.004">
    <system-out><![CDATA[Calling new Student(  )
Reading the value of private int startYear
 ~> 2026
 ✓
Calling setStartYear( 2001 )
Checking whether private int startYear is 2001
 ~> 2001 (true)
Calling setStartYear( 2026 )
Checking whether private int startYear is 2026
 ~> 2026 (true)
Calling setStartYear( 2000 )
Checking whether private int startYear is within [2001, 2026]
 ~> 2026 (true)
Calling setStartYear( 2027 )
Checking whether private int startYear is within [2001, 2026]
 ~> 2026 (true)
 ✓
Calling setStartYear( 2025 )
Calling getStartYear(  )
 ✓
Assigning value 2020 to private int startYear
Calling getStartYear(  )
 ✓
]]></system-out>
  </testcase>
  <testcase name="birthDateTests" classname="dev.m3s.programming2.homework2.StudentTests" time="0.002">
    <error type="dev.m3s.maeaettae.jreq.RequirementException"><![CDATA[dev.m3s.maeaettae.jreq.RequirementException: 
None of the methods in ⟨class Student⟩ meet the requirements for ⟨setBirthDate⟩
	a. The method should have name matching ⟨"setBirth[Dd]ate"⟩	(0 matches)
	b. The method should have return type ⟨String⟩             	(7 matches)
	c. The method should have parameter type ⟨String⟩          	(8 matches)
	d. The method should have parameter count ⟨1⟩              	(14 matches)

	Closest match:
	~> public String setPersonId( String )
	at dev.m3s.programming2.homework2.StudentTests.birthDateTests(StudentTests.java:260)
]]></error>
    <system-out><![CDATA[Calling new Student(  )
Reading the value of private String birthDate
 ~> "Not available"
Verifying that "Not available" matches the expected pattern
""?Not\s+available[.!"]*"
 ✓
]]></system-out>
  </testcase>
  <testcase name="lastNameTests" classname="dev.m3s.programming2.homework2.StudentTests" time="0.005">
    <system-out><![CDATA[Calling new Student(  )
Reading the value of private String lastName
 ~> "No name"
Verifying that "No name" matches the expected pattern
""?No\s+name"?"
 ✓
Calling setLastName( null )
Reading the value of private String lastName
 ~> "No name"
Verifying that "No name" matches the expected pattern
""?No\s+name"?"
 ✓
Calling setLastName( "yfkkqijfcazcphmcbtccqvrf" )
Reading the value of private String lastName
 ~> "yfkkqijfcazcphmcbtccqvrf"
 ✓
Calling getLastName(  )
 ✓
Assigning value "watkahok" to private String lastName
Calling getLastName(  )
 ✓
]]></system-out>
  </testcase>
  <testcase name="constantValuesUsageTest" classname="dev.m3s.programming2.homework2.StudentTests" time="0.356">
    <system-out><![CDATA[Calling new Student(  )
 ✓
]]></system-out>
  </testcase>
  <testcase name="getRandomIdTest" classname="dev.m3s.programming2.homework2.StudentTests" time="0.512">
    <system-out><![CDATA[Calling new Student(  )
 ✓
 ✓
 ✓
 ✓
 ✓
 ✓
 ✓
 ✓
 ✓
 ✓
 ✓
 ✓
 ✓
 ✓
 ✓
 ✓
 ✓
 ✓
 ✓
 ✓
 ✓
 ✓
 ✓
 ✓
 ✓
 ✓
 ✓
 ✓
 ✓
 ✓
 ✓
 ✓
 ✓
 ✓
 ✓
 ✓
 ✓
 ✓
 ✓
 ✓
 ✓
 ✓
 ✓
 ✓
 ✓
 ✓
 ✓
 ✓
 ✓
 ✓
 ✓
 ✓
 ✓
 ✓
 ✓
 ✓
 ✓
 ✓
 ✓
 ✓
 ✓
 ✓
 ✓
 ✓
 ✓
 ✓
 ✓
 ✓
 ✓
 ✓
 ✓
 ✓
 ✓
 ✓
 ✓
 ✓
 ✓
 ✓
 ✓
 ✓
 ✓
 ✓
 ✓
 ✓
 ✓
 ✓
 ✓
 ✓
 ✓
 ✓
 ✓
 ✓
 ✓
 ✓
 ✓
 ✓
 ✓
 ✓
 ✓
 ✓
 ✓
 ✓
 ✓
 ✓
 ✓
 ✓
 ✓
 ✓
 ✓
 ✓
 ✓
 ✓
 ✓
 ✓
 ✓
 ✓
 ✓
 ✓
 ✓
 ✓
 ✓
 ✓
 ✓
 ✓
 ✓
 ✓
 ✓
 ✓
 ✓
 ✓
 ✓
 ✓
 ✓
 ✓
 ✓
 ✓
 ✓
 ✓
 ✓
 ✓
 ✓
 ✓
 ✓
 ✓
 ✓
 ✓
 ✓
 ✓
 ✓
 ✓
 ✓
 ✓
 ✓
 ✓
 ✓
 ✓
 ✓
 ✓
 ✓
 ✓
 ✓
 ✓
 ✓
 ✓
 ✓
 ✓
 ✓
 ✓
 ✓
 ✓
 ✓
 ✓
 ✓
 ✓
 ✓
 ✓
 ✓
 ✓
 ✓
 ✓
 ✓
 ✓
 ✓
 ✓
 ✓
 ✓
 ✓
 ✓
 ✓
 ✓
 ✓
 ✓
 ✓
 ✓
 ✓
 ✓
 ✓
 ✓
 ✓
 ✓
 ✓
 ✓
 ✓
 ✓
 ✓
 ✓
 ✓
 ✓
 ✓
 ✓
 ✓
 ✓
 ✓
 ✓
 ✓
 ✓
 ✓
 ✓
 ✓
 ✓
 ✓
 ✓
 ✓
 ✓
 ✓
 ✓
 ✓
 ✓
 ✓
 ✓
 ✓
 ✓
 ✓
 ✓
 ✓
 ✓
 ✓
 ✓
 ✓
 ✓
 ✓
 ✓
 ✓
 ✓
 ✓
 ✓
 ✓
 ✓
 ✓
 ✓
 ✓
 ✓
 ✓
 ✓
 ✓
 ✓
 ✓
 ✓
 ✓
 ✓
 ✓
 ✓
 ✓
 ✓
 ✓
 ✓
 ✓
 ✓
 ✓
 ✓
 ✓
 ✓
 ✓
 ✓
 ✓
 ✓
 ✓
 ✓
 ✓
 ✓
 ✓
 ✓
 ✓
 ✓
 ✓
 ✓
 ✓
 ✓
 ✓
 ✓
 ✓
 ✓
 ✓
 ✓
 ✓
 ✓
 ✓
 ✓
 ✓
 ✓
 ✓
 ✓
 ✓
 ✓
 ✓
 ✓
 ✓
 ✓
 ✓
 ✓
 ✓
 ✓
 ✓
 ✓
 ✓
 ✓
 ✓
 ✓
 ✓
 ✓
 ✓
 ✓
 ✓
 ✓
 ✓
 ✓
 ✓
 ✓
 ✓
 ✓
 ✓
 ✓
 ✓
 ✓
 ✓
 ✓
 ✓
 ✓
 ✓
 ✓
 ✓
 ✓
 ✓
 ✓
 ✓
 ✓
 ✓
 ✓
 ✓
 ✓
 ✓
 ✓
 ✓
 ✓
 ✓
 ✓
 ✓
 ✓
 ✓
 ✓
 ✓
 ✓
 ✓
 ✓
 ✓
 ✓
 ✓
 ✓
 ✓
 ✓
 ✓
 ✓
 ✓
 ✓
 ✓
 ✓
 ✓
 ✓
 ✓
 ✓
 ✓
 ✓
 ✓
 ✓
 ✓
 ✓
 ✓
 ✓
 ✓
 ✓
 ✓
 ✓
 ✓
 ✓
 ✓
 ✓
 ✓
 ✓
 ✓
 ✓
 ✓
 ✓
 ✓
 ✓
 ✓
 ✓
 ✓
 ✓
 ✓
 ✓
 ✓
 ✓
 ✓
 ✓
 ✓
 ✓
 ✓
 ✓
 ✓
 ✓
 ✓
 ✓
 ✓
 ✓
 ✓
 ✓
 ✓
 ✓
 ✓
 ✓
 ✓
 ✓
 ✓
 ✓
 ✓
 ✓
 ✓
 ✓
 ✓
 ✓
 ✓
 ✓
 ✓
 ✓
 ✓
 ✓
 ✓
 ✓
 ✓
 ✓
 ✓
 ✓
 ✓
 ✓
 ✓
 ✓
 ✓
 ✓
 ✓
 ✓
 ✓
 ✓
 ✓
 ✓
 ✓
 ✓
 ✓
 ✓
 ✓
 ✓
 ✓
 ✓
 ✓
 ✓
 ✓
 ✓
 ✓
 ✓
 ✓
 ✓
 ✓
 ✓
 ✓
 ✓
 ✓
 ✓
 ✓
 ✓
 ✓
 ✓
 ✓
 ✓
 ✓
 ✓
 ✓
 ✓
 ✓
 ✓
 ✓
 ✓
 ✓
 ✓
 ✓
 ✓
 ✓
 ✓
 ✓
 ✓
 ✓
 ✓
 ✓
 ✓
 ✓
 ✓
 ✓
 ✓
 ✓
 ✓
 ✓
 ✓
 ✓
 ✓
 ✓
 ✓
 ✓
 ✓
 ✓
 ✓
 ✓
 ✓
 ✓
 ✓
 ✓
 ✓
 ✓
 ✓
 ✓
 ✓
 ✓
 ✓
 ✓
 ✓
 ✓
 ✓
 ✓
 ✓
 ✓
 ✓
 ✓
 ✓
 ✓
 ✓
 ✓
 ✓
 ✓
 ✓
 ✓
 ✓
 ✓
 ✓
 ✓
 ✓
 ✓
 ✓
 ✓
 ✓
 ✓
 ✓
 ✓
 ✓
 ✓
 ✓
 ✓
 ✓
 ✓
 ✓
 ✓
 ✓
 ✓
 ✓
 ✓
 ✓
 ✓
 ✓
 ✓
 ✓
 ✓
 ✓
 ✓
 ✓
 ✓
 ✓
 ✓
 ✓
 ✓
 ✓
 ✓
 ✓
 ✓
 ✓
 ✓
 ✓
 ✓
 ✓
 ✓
 ✓
 ✓
 ✓
 ✓
 ✓
 ✓
 ✓
 ✓
 ✓
 ✓
 ✓
 ✓
 ✓
 ✓
 ✓
 ✓
 ✓
 ✓
 ✓
 ✓
 ✓
 ✓
 ✓
 ✓
 ✓
 ✓
 ✓
 ✓
 ✓
 ✓
 ✓
 ✓
 ✓
 ✓
 ✓
 ✓
 ✓
 ✓
 ✓
 ✓
 ✓
 ✓
 ✓
 ✓
 ✓
 ✓
 ✓
 ✓
 ✓
 ✓
 ✓
 ✓
 ✓
 ✓
 ✓
 ✓
 ✓
 ✓
 ✓
 ✓
 ✓
 ✓
 ✓
 ✓
 ✓
 ✓
 ✓
 ✓
 ✓
 ✓
 ✓
 ✓
 ✓
 ✓
 ✓
 ✓
 ✓
 ✓
 ✓
 ✓
 ✓
 ✓
 ✓
 ✓
 ✓
 ✓
 ✓
 ✓
 ✓
 ✓
 ✓
 ✓
 ✓
 ✓
 ✓
 ✓
 ✓
 ✓
 ✓
 ✓
 ✓
 ✓
 ✓
 ✓
 ✓
 ✓
 ✓
 ✓
 ✓
 ✓
 ✓
 ✓
 ✓
 ✓
 ✓
 ✓
 ✓
 ✓
 ✓
 ✓
 ✓
 ✓
 ✓
 ✓
 ✓
 ✓
 ✓
 ✓
 ✓
 ✓
 ✓
 ✓
 ✓
 ✓
 ✓
 ✓
 ✓
 ✓
 ✓
 ✓
 ✓
 ✓
 ✓
 ✓
 ✓
 ✓
 ✓
 ✓
 ✓
 ✓
 ✓
 ✓
 ✓
 ✓
 ✓
 ✓
 ✓
 ✓
 ✓
 ✓
 ✓
 ✓
 ✓
 ✓
 ✓
 ✓
 ✓
 ✓
 ✓
 ✓
 ✓
 ✓
 ✓
 ✓
 ✓
 ✓
 ✓
 ✓
 ✓
 ✓
 ✓
 ✓
 ✓
 ✓
 ✓
 ✓
 ✓
 ✓
 ✓
 ✓
 ✓
 ✓
 ✓
 ✓
 ✓
 ✓
 ✓
 ✓
 ✓
 ✓
 ✓
 ✓
 ✓
 ✓
 ✓
 ✓
 ✓
 ✓
 ✓
 ✓
 ✓
 ✓
 ✓
 ✓
 ✓
 ✓
 ✓
 ✓
 ✓
 ✓
 ✓
 ✓
 ✓
 ✓
 ✓
 ✓
 ✓
 ✓
 ✓
 ✓
 ✓
 ✓
 ✓
 ✓
 ✓
 ✓
 ✓
 ✓
 ✓
 ✓
 ✓
 ✓
 ✓
 ✓
 ✓
 ✓
 ✓
 ✓
 ✓
 ✓
 ✓
 ✓
 ✓
 ✓
 ✓
 ✓
 ✓
 ✓
 ✓
 ✓
 ✓
 ✓
 ✓
 ✓
 ✓
 ✓
 ✓
 ✓
 ✓
 ✓
 ✓
 ✓
 ✓
 ✓
 ✓
 ✓
 ✓
 ✓
 ✓
 ✓
 ✓
 ✓
 ✓
 ✓
 ✓
 ✓
 ✓
 ✓
 ✓
 ✓
 ✓
 ✓
 ✓
 ✓
 ✓
 ✓
 ✓
 ✓
 ✓
 ✓
 ✓
 ✓
 ✓
 ✓
 ✓
 ✓
 ✓
 ✓
 ✓
 ✓
 ✓
 ✓
 ✓
 ✓
 ✓
 ✓
 ✓
 ✓
 ✓
 ✓
 ✓
 ✓
 ✓
 ✓
 ✓
 ✓
 ✓
 ✓
 ✓
 ✓
 ✓
 ✓
 ✓
 ✓
 ✓
 ✓
 ✓
 ✓
 ✓
 ✓
 ✓
 ✓
 ✓
 ✓
 ✓
 ✓
 ✓
 ✓
 ✓
 ✓
 ✓
 ✓
 ✓
 ✓
 ✓
 ✓
 ✓
 ✓
 ✓
 ✓
 ✓
 ✓
 ✓
 ✓
 ✓
 ✓
 ✓
 ✓
 ✓
 ✓
 ✓
 ✓
 ✓
 ✓
 ✓
 ✓
 ✓
 ✓
 ✓
 ✓
 ✓
 ✓
 ✓
 ✓
 ✓
 ✓
 ✓
 ✓
 ✓
 ✓
 ✓
 ✓
 ✓
 ✓
 ✓
]]></system-out>
  </testcase>
  <testcase name="idTests" classname="dev.m3s.programming2.homework2.StudentTests" time="0.017">
    <system-out><![CDATA[Calling new Student(  )
Reading the value of private int id
 ~> 82
 ✓
Calling setId( 1 )
Checking whether private int id is 1
 ~> 1 (true)
Calling setId( 100 )
Checking whether private int id is 100
 ~> 100 (true)
Calling setId( 0 )
Checking whether private int id is within [1, 100]
 ~> 100 (true)
Calling setId( 101 )
Checking whether private int id is within [1, 100]
 ~> 100 (true)
 ✓
Calling setId( 16 )
Calling getId(  )
 ✓
Assigning value 92 to private int id
Calling getId(  )
 ✓
]]></system-out>
  </testcase>
  <testcase name="parameterizedConstructorTests" classname="dev.m3s.programming2.homework2.StudentTests" time="0.246">
    <failure type="java.lang.AssertionError"><![CDATA[java.lang.AssertionError: 

Parameterized constructor should utilize the
parameterless constructor 
Expected: is ⟨true⟩
     but: was ⟨false⟩
(<== see Console output for more context)
	at dev.m3s.programming2.homework2.StudentTests.parameterizedConstructorTests(StudentTests.java:83)
]]></failure>
    <system-out><![CDATA[Calling new Student(  )
Calling new Student( "wvqaltvf", "tvrpbp" )
Reading the value of private String firstName
 ~> "tvrpbp"
 ✓
Reading the value of private String lastName
 ~> "wvqaltvf"
 ✓
Reading the value of private int id
 ~> 26
 ✓
Searching for getRandomId() call in 1st constructor
Found getRandomId() call in 1st constructor
Searching for getRandomId() call in 2nd constructor
Found getRandomId() call in 2nd constructor
 ✓
]]></system-out>
  </testcase>
</testsuite>