<?xml version="1.0" encoding="UTF-8"?>
<testsuite xmlns:xsi="http://www.w3.org/2001/XMLSchema-instance" xsi:noNamespaceSchemaLocation="https://maven.apache.org/surefire/maven-surefire-plugin/xsd/surefire-test-report-3.0.xsd" version="3.0" name="dev.m3s.programming2.homework2.DegreeTests" time="2.705" tests="9" errors="0" skipped="0" failures="0">
  <properties>
[...]
</properties>
  <testcase name="maxCoursesTest" classname="dev.m3s.programming2.homework2.DegreeTests" time="0.243">
    <system-out><![CDATA[Calling new Degree(  )
Reading the value of private static final int MAX_COURSES
 ~> 50
 ✓
]]></system-out>
  </testcase>
  <testcase name="countTests" classname="dev.m3s.programming2.homework2.DegreeTests" time="0.686">
    <system-out><![CDATA[Calling new Degree(  )
Reading the value of private int count
 ~> 0
 ✓
Calling new Course( "earqktdjfy", 48824, 'A', 1, 1, 41.0, true )
Calling new StudentCourse( [48824A (41.00 cr), "earqktdjfy". Mandatory, period: 1.], 1, 2010 )
Calling addStudentCourse( [48824A (41.00 cr), "earqktdjfy". Mandatory, period: 1.] Year: 2010, Grade: 1.] )
Reading the value of private int count
 ~> 1
 ✓
Calling new Course( "obqanlkqun", 521352, 'S', 0, 2, 52.0, true )
Calling new StudentCourse( [521352S (52.00 cr), "obqanlkqun". Optional, period: 2.], 5, 2005 )
Calling new Course( "zihlilkqea", 637666, 'A', 1, 2, 55.0, true )
Calling new StudentCourse( [637666A (55.00 cr), "zihlilkqea". Mandatory, period: 2.], 2, 2003 )
Calling addStudentCourses( [521352S (52.00 cr), "obqanlkqun". Optional, period: 2.] Year: 2005, Grade: 5.], [637666A (55.00 cr), "zihlilkqea". Mandatory, period: 2.] Year: 2003, Grade: 2.] )
Reading the value of private int count
 ~> 3
 ✓
Calling addStudentCourses( null )
Reading the value of private int count
 ~> 3
 ✓
Calling addStudentCourse( null )
Reading the value of private int count
 ~> 3
 ✓
Adding 47 more courses...
Reading the value of private int count
 ~> 50
 ✓
Adding one more course...
Reading the value of private int count
 ~> 50
 ✓
Adding 4 more courses...
Calling addStudentCourses( [909823S (53.00 cr), "ggbedlqwqg". Optional, period: 1.] Year: 2010, Grade: 4.], [87865A ( 3.00 cr), "wkrsuqhkbz". Optional, period: 4.] Year: 2011, Grade: 3.], [263215A (28.00 cr), "lcahpowing". Mandatory, period: 2.] Year: 2022, Grade: F.], [105717S ( 7.00 cr), "tiwnlefcff". Optional, period: 1.] Year: 2012, Grade: F.] )
Reading the value of private int count
 ~> 50
 ✓
]]></system-out>
  </testcase>
  <testcase name="titleOfThesisTests" classname="dev.m3s.programming2.homework2.DegreeTests" time="0.016">
    <system-out><![CDATA[Calling new Degree(  )
Reading the value of private String titleOfThesis
 ~> "No title"
Verifying that "No title" matches the expected pattern
""?No\s+title"?"
 ✓
-----------------------------------------------------
Comparing the return value of the getter to the value
of the attribute (ignoring the visibility modifier):
-----------------------------------------------------
Reading the value of private String titleOfThesis
 ~> "No title"
Checking whether getTitleOfThesis(  ) returns a String matching "No title"
 ~> "No title" (true)
 ✓
-----------------------------------------------------
Comparing the value of the attribute before and after
setting a new value using the setter (ignoring the
attribute's visibility modifier)
-----------------------------------------------------
Reading the value of private String titleOfThesis
 ~> "No title"
Calling setTitleOfThesis( "jhugqwue pxjjwgcd" )
Checking whether the value of private String titleOfThesis matches "jhugqwue pxjjwgcd"
 ~> "jhugqwue pxjjwgcd" (true)
 ✓
-----------------------------------------------------
Comparing the return value of the getter to the value
of the attribute (ignoring the visibility modifier):
-----------------------------------------------------
Reading the value of private String titleOfThesis
 ~> "jhugqwue pxjjwgcd"
Checking whether getTitleOfThesis(  ) returns a String matching "jhugqwue pxjjwgcd"
 ~> "jhugqwue pxjjwgcd" (true)
 ✓
Calling setTitleOfThesis( null )
Calling getTitleOfThesis(  )
 ✓
Reading the value of private String titleOfThesis
 ~> "jhugqwue pxjjwgcd"
 ✓
]]></system-out>
  </testcase>
  <testcase name="constantValuesUsageTest" classname="dev.m3s.programming2.homework2.DegreeTests" time="1.1">
    <system-out><![CDATA[Calling new Degree(  )
 ✓
]]></system-out>
  </testcase>
  <testcase name="printCoursesTests" classname="dev.m3s.programming2.homework2.DegreeTests" time="0.131">
    <system-out><![CDATA[Calling new Degree(  )
Calling new Course( "rfivsrbpiy", 722637, 'A', 1, 4, 1.0, true )
Calling new StudentCourse( [722637A ( 1.00 cr), "rfivsrbpiy". Mandatory, period: 4.], 0, 2021 )
Calling addStudentCourse( [722637A ( 1.00 cr), "rfivsrbpiy". Mandatory, period: 4.] Year: 2021, Grade: "Not graded".] )
Calling new Course( "btdgzdfhvc", 999589, 'S', 1, 1, 8.0, true )
Calling new StudentCourse( [999589S ( 8.00 cr), "btdgzdfhvc". Mandatory, period: 1.], 1, 2023 )
Calling addStudentCourse( [999589S ( 8.00 cr), "btdgzdfhvc". Mandatory, period: 1.] Year: 2023, Grade: 1.] )
Calling new Course( "ndqftbnehw", 33537, 'P', 1, 5, 42.0, true )
Calling new StudentCourse( [33537P (42.00 cr), "ndqftbnehw". Mandatory, period: 5.], 2, 2012 )
Calling addStudentCourse( [33537P (42.00 cr), "ndqftbnehw". Mandatory, period: 5.] Year: 2012, Grade: 2.] )
Calling new Course( "fayvfiwqek", 270091, 'S', 1, 3, 36.0, true )
Calling new StudentCourse( [270091S (36.00 cr), "fayvfiwqek". Mandatory, period: 3.], 3, 2022 )
Calling addStudentCourse( [270091S (36.00 cr), "fayvfiwqek". Mandatory, period: 3.] Year: 2022, Grade: 3.] )
The output should match the regular expression pattern: "\[?\[722637A \( 1\.?00 cr\), "rfivsrbpiy"\.? Mandatory, period: 4\.?\] Year: 2021, Grade: "?Not graded"?\.?\] "
Attempting to locate the starting point of the regular expression pattern: "\[?\[7226"
 ✓
 ✓
The output should match the regular expression pattern: "\[?\[999589S \( 8\.?00 cr\), "btdgzdfhvc"\.? Mandatory, period: 1\.?\] Year: 2023, Grade: 1\.?\] "
Attempting to locate the starting point of the regular expression pattern: "\[?\[9995"
 ✓
 ✓
The output should match the regular expression pattern: "\[?\[33537P \( 42\.?00 cr\), "ndqftbnehw"\.? Mandatory, period: 5\.?\] Year: 2012, Grade: 2\.?\] "
Attempting to locate the starting point of the regular expression pattern: "\[?\[3353"
 ✓
 ✓
The output should match the regular expression pattern: "\[?\[270091S \( 36\.?00 cr\), "fayvfiwqek"\.? Mandatory, period: 3\.?\] Year: 2022, Grade: 3\.?\] "
Attempting to locate the starting point of the regular expression pattern: "\[?\[2700"
 ✓
 ✓
Calling new Course( "efidjcdxlb", 298400, 'S', 1, 2, 6.0, true )
Calling new StudentCourse( [298400S ( 6.00 cr), "efidjcdxlb". Mandatory, period: 2.], 4, 2001 )
Calling addStudentCourse( [298400S ( 6.00 cr), "efidjcdxlb". Mandatory, period: 2.] Year: 2001, Grade: 4.] )
Calling new Course( "butypnvpwt", 491678, 'A', 0, 1, 40.0, true )
Calling new StudentCourse( [491678A (40.00 cr), "butypnvpwt". Optional, period: 1.], 5, 2026 )
Calling addStudentCourse( [491678A (40.00 cr), "butypnvpwt". Optional, period: 1.] Year: 2026, Grade: 5.] )
Calling new Course( "ysxxdkkbkw", 781308, 'A', 0, 3, 21.0, false )
Calling new StudentCourse( [781308A (21.00 cr), "ysxxdkkbkw". Optional, period: 3.], 70, 2014 )
Calling addStudentCourse( [781308A (21.00 cr), "ysxxdkkbkw". Optional, period: 3.] Year: 2014, Grade: F.] )
Calling new Course( "gmztebipij", 897326, 'P', 1, 2, 50.0, false )
Calling new StudentCourse( [897326P (50.00 cr), "gmztebipij". Mandatory, period: 2.], 65, 2005 )
Calling addStudentCourse( [897326P (50.00 cr), "gmztebipij". Mandatory, period: 2.] Year: 2005, Grade: A.] )
The output should match the regular expression pattern: "\[?\[298400S \( 6\.?00 cr\), "efidjcdxlb"\.? Mandatory, period: 2\.?\] Year: 2001, Grade: 4\.?\] "
Attempting to locate the starting point of the regular expression pattern: "\[?\[2984"
 ✓
 ✓
The output should match the regular expression pattern: "\[?\[491678A \( 40\.?00 cr\), "butypnvpwt"\.? Optional, period: 1\.?\] Year: 2026, Grade: 5\.?\] "
Attempting to locate the starting point of the regular expression pattern: "\[?\[4916"
 ✓
 ✓
The output should match the regular expression pattern: "\[?\[781308A \( 21\.?00 cr\), "ysxxdkkbkw"\.? Optional, period: 3\.?\] Year: 2014, Grade: F\.?\] "
Attempting to locate the starting point of the regular expression pattern: "\[?\[7813"
 ✓
 ✓
The output should match the regular expression pattern: "\[?\[897326P \( 50\.?00 cr\), "gmztebipij"\.? Mandatory, period: 2\.?\] Year: 2005, Grade: A\.?\] "
Attempting to locate the starting point of the regular expression pattern: "\[?\[8973"
 ✓
 ✓
Calling new Course( "yfeyqqfbpe", 813158, 'S', 0, 2, 16.0, true )
Calling new StudentCourse( [813158S (16.00 cr), "yfeyqqfbpe". Optional, period: 2.], 0, 2022 )
Calling addStudentCourse( [813158S (16.00 cr), "yfeyqqfbpe". Optional, period: 2.] Year: 2022, Grade: "Not graded".] )
Calling new Course( "grujiydbsd", 849439, 'P', 1, 2, 39.0, true )
Calling new StudentCourse( [849439P (39.00 cr), "grujiydbsd". Mandatory, period: 2.], 1, 2021 )
Calling addStudentCourse( [849439P (39.00 cr), "grujiydbsd". Mandatory, period: 2.] Year: 2021, Grade: 1.] )
Calling new Course( "lluvkgqoks", 564242, 'P', 1, 3, 7.0, true )
Calling new StudentCourse( [564242P ( 7.00 cr), "lluvkgqoks". Mandatory, period: 3.], 2, 2011 )
Calling addStudentCourse( [564242P ( 7.00 cr), "lluvkgqoks". Mandatory, period: 3.] Year: 2011, Grade: 2.] )
Calling new Course( "zgqanqpszl", 394829, 'P', 1, 2, 39.0, true )
Calling new StudentCourse( [394829P (39.00 cr), "zgqanqpszl". Mandatory, period: 2.], 3, 2014 )
Calling addStudentCourse( [394829P (39.00 cr), "zgqanqpszl". Mandatory, period: 2.] Year: 2014, Grade: 3.] )
Calling new Course( "ugsigstopq", 52469, 'P', 0, 2, 49.0, true )
Calling new StudentCourse( [52469P (49.00 cr), "ugsigstopq". Optional, period: 2.], 4, 2023 )
Calling addStudentCourse( [52469P (49.00 cr), "ugsigstopq". Optional, period: 2.] Year: 2023, Grade: 4.] )
The output should match the regular expression pattern: "\[?\[813158S \( 16\.?00 cr\), "yfeyqqfbpe"\.? Optional, period: 2\.?\] Year: 2022, Grade: "?Not graded"?\.?\] "
Attempting to locate the starting point of the regular expression pattern: "\[?\[8131"
 ✓
 ✓
The output should match the regular expression pattern: "\[?\[849439P \( 39\.?00 cr\), "grujiydbsd"\.? Mandatory, period: 2\.?\] Year: 2021, Grade: 1\.?\] "
Attempting to locate the starting point of the regular expression pattern: "\[?\[8494"
 ✓
 ✓
The output should match the regular expression pattern: "\[?\[564242P \( 7\.?00 cr\), "lluvkgqoks"\.? Mandatory, period: 3\.?\] Year: 2011, Grade: 2\.?\] "
Attempting to locate the starting point of the regular expression pattern: "\[?\[5642"
 ✓
 ✓
The output should match the regular expression pattern: "\[?\[394829P \( 39\.?00 cr\), "zgqanqpszl"\.? Mandatory, period: 2\.?\] Year: 2014, Grade: 3\.?\] "
Attempting to locate the starting point of the regular expression pattern: "\[?\[3948"
 ✓
 ✓
The output should match the regular expression pattern: "\[?\[52469P \( 49\.?00 cr\), "ugsigstopq"\.? Optional, period: 2\.?\] Year: 2023, Grade: 4\.?\] "
Attempting to locate the starting point of the regular expression pattern: "\[?\[5246"
 ✓
 ✓
]]></system-out>
  </testcase>
  <testcase name="getCreditsTests" classname="dev.m3s.programming2.homework2.DegreeTests" time="0.211">
    <system-out><![CDATA[Calling new Degree(  )

Calling new Course( "sihcfkgseb", 391380, 'A', 0, 3, 21.0, true )
Calling new StudentCourse( [391380A (21.00 cr), "sihcfkgseb". Optional, period: 3.], 0, 2008 )

Calling isCourseCompleted( [391380A (21.00 cr), "sihcfkgseb". Optional, period: 3.] Year: 2008, Grade: "Not graded".] )
 ✓
Calling addStudentCourse( [391380A (21.00 cr), "sihcfkgseb". Optional, period: 3.] Year: 2008, Grade: "Not graded".] )

Calling new Course( "ntuzulqapi", 55688, 'P', 1, 3, 34.0, true )
Calling new StudentCourse( [55688P (34.00 cr), "ntuzulqapi". Mandatory, period: 3.], 1, 2017 )

Calling isCourseCompleted( [55688P (34.00 cr), "ntuzulqapi". Mandatory, period: 3.] Year: 2017, Grade: 1.] )
 ✓
Calling addStudentCourse( [55688P (34.00 cr), "ntuzulqapi". Mandatory, period: 3.] Year: 2017, Grade: 1.] )

Calling new Course( "bihcrgjqbs", 649658, 'S', 0, 4, 54.0, true )
Calling new StudentCourse( [649658S (54.00 cr), "bihcrgjqbs". Optional, period: 4.], 2, 2019 )

Calling isCourseCompleted( [649658S (54.00 cr), "bihcrgjqbs". Optional, period: 4.] Year: 2019, Grade: 2.] )
 ✓
Calling addStudentCourse( [649658S (54.00 cr), "bihcrgjqbs". Optional, period: 4.] Year: 2019, Grade: 2.] )

Calling new Course( "ugblpqyems", 176661, 'A', 1, 1, 3.0, true )
Calling new StudentCourse( [176661A ( 3.00 cr), "ugblpqyems". Mandatory, period: 1.], 3, 2006 )

Calling isCourseCompleted( [176661A ( 3.00 cr), "ugblpqyems". Mandatory, period: 1.] Year: 2006, Grade: 3.] )
 ✓
Calling addStudentCourse( [176661A ( 3.00 cr), "ugblpqyems". Mandatory, period: 1.] Year: 2006, Grade: 3.] )

Calling new Course( "dbglkyyggt", 512203, 'P', 0, 5, 42.0, true )
Calling new StudentCourse( [512203P (42.00 cr), "dbglkyyggt". Optional, period: 5.], 4, 2012 )

Calling isCourseCompleted( [512203P (42.00 cr), "dbglkyyggt". Optional, period: 5.] Year: 2012, Grade: 4.] )
 ✓
Calling addStudentCourse( [512203P (42.00 cr), "dbglkyyggt". Optional, period: 5.] Year: 2012, Grade: 4.] )

Calling new Course( "bpkoyjdavs", 234818, 'S', 1, 3, 2.0, true )
Calling new StudentCourse( [234818S ( 2.00 cr), "bpkoyjdavs". Mandatory, period: 3.], 5, 2026 )

Calling isCourseCompleted( [234818S ( 2.00 cr), "bpkoyjdavs". Mandatory, period: 3.] Year: 2026, Grade: 5.] )
 ✓
Calling addStudentCourse( [234818S ( 2.00 cr), "bpkoyjdavs". Mandatory, period: 3.] Year: 2026, Grade: 5.] )

Calling new Course( "rkbhxsiroy", 917768, 'A', 0, 3, 52.0, false )
Calling new StudentCourse( [917768A (52.00 cr), "rkbhxsiroy". Optional, period: 3.], 70, 2003 )

Calling isCourseCompleted( [917768A (52.00 cr), "rkbhxsiroy". Optional, period: 3.] Year: 2003, Grade: F.] )
 ✓
Calling addStudentCourse( [917768A (52.00 cr), "rkbhxsiroy". Optional, period: 3.] Year: 2003, Grade: F.] )

Calling new Course( "qixqfyfouh", 469438, 'P', 1, 2, 44.0, false )
Calling new StudentCourse( [469438P (44.00 cr), "qixqfyfouh". Mandatory, period: 2.], 65, 2026 )

Calling isCourseCompleted( [469438P (44.00 cr), "qixqfyfouh". Mandatory, period: 2.] Year: 2026, Grade: A.] )
 ✓
Calling addStudentCourse( [469438P (44.00 cr), "qixqfyfouh". Mandatory, period: 2.] Year: 2026, Grade: A.] )

Calling new Course( "prjiccycop", 192841, 'S', 0, 3, 27.0, true )
Calling new StudentCourse( [192841S (27.00 cr), "prjiccycop". Optional, period: 3.], 0, 2016 )

Calling isCourseCompleted( [192841S (27.00 cr), "prjiccycop". Optional, period: 3.] Year: 2016, Grade: "Not graded".] )
 ✓

Calling new Course( "kdzjqpawmk", 421936, 'A', 1, 5, 29.0, true )
Calling new StudentCourse( [421936A (29.00 cr), "kdzjqpawmk". Mandatory, period: 5.], 1, 2009 )

Calling isCourseCompleted( [421936A (29.00 cr), "kdzjqpawmk". Mandatory, period: 5.] Year: 2009, Grade: 1.] )
 ✓
Calling addStudentCourses( [192841S (27.00 cr), "prjiccycop". Optional, period: 3.] Year: 2016, Grade: "Not graded".], [421936A (29.00 cr), "kdzjqpawmk". Mandatory, period: 5.] Year: 2009, Grade: 1.] )
-----------------------------------------------------
Total credits: 208.0
Credits by base: {P=120.0, A=32.0, S=56.0}
Credits by type: {0=96.0, 1=112.0}
-----------------------------------------------------
Calling getCredits(  )
 ✓
Calling getCreditsByBase( 'P' )
 ✓
Calling getCreditsByBase( 'A' )
 ✓
Calling getCreditsByBase( 'S' )
 ✓
Calling getCreditsByType( 0 )
 ✓
Calling getCreditsByType( 1 )
 ✓
Calling isCourseCompleted( null, dev.m3s.maeaettae.jreq.FailureMessage@43a09ce2 )
 ✓
]]></system-out>
  </testcase>
  <testcase name="toStringTests" classname="dev.m3s.programming2.homework2.DegreeTests" time="0.119">
    <system-out><![CDATA[Calling new Degree(  )
Calling new Course( "wgqpubydbm", 838027, 'P', 0, 4, 16.0, true )
Calling new StudentCourse( [838027P (16.00 cr), "wgqpubydbm". Optional, period: 4.], 0, 2008 )
Calling addStudentCourse( [838027P (16.00 cr), "wgqpubydbm". Optional, period: 4.] Year: 2008, Grade: "Not graded".] )
Calling new Course( "fnechaanrj", 13706, 'A', 0, 5, 46.0, true )
Calling new StudentCourse( [13706A (46.00 cr), "fnechaanrj". Optional, period: 5.], 1, 2014 )
Calling addStudentCourse( [13706A (46.00 cr), "fnechaanrj". Optional, period: 5.] Year: 2014, Grade: 1.] )
Calling new Course( "srpmgauhaa", 667087, 'A', 1, 2, 53.0, true )
Calling new StudentCourse( [667087A (53.00 cr), "srpmgauhaa". Mandatory, period: 2.], 2, 2004 )
Calling addStudentCourse( [667087A (53.00 cr), "srpmgauhaa". Mandatory, period: 2.] Year: 2004, Grade: 2.] )
Calling new Course( "qakkofyyop", 666842, 'P', 0, 1, 41.0, true )
Calling new StudentCourse( [666842P (41.00 cr), "qakkofyyop". Optional, period: 1.], 3, 2022 )
Calling addStudentCourse( [666842P (41.00 cr), "qakkofyyop". Optional, period: 1.] Year: 2022, Grade: 3.] )
Calling new Course( "tlqtdnedqr", 538546, 'P', 0, 2, 50.0, true )
Calling new StudentCourse( [538546P (50.00 cr), "tlqtdnedqr". Optional, period: 2.], 4, 2011 )
Calling addStudentCourse( [538546P (50.00 cr), "tlqtdnedqr". Optional, period: 2.] Year: 2011, Grade: 4.] )
Calling toString(  )
The output should match the regular expression pattern: "^Degree\[Title:"?No title"?\(courses:5\)Thesis title:"?No title"?"
Attempting to locate the starting point of the regular expression pattern: "^Degree\[T"
 ✓
 ✓
The output should match the regular expression pattern: "\[?\[838027P \( 16\.?00 cr\), "wgqpubydbm"\.? Optional, period: 4\.?\] Year: 2008, Grade: "?Not graded"?\.?\] "
Attempting to locate the starting point of the regular expression pattern: "\[?\[8380"
 ✓
 ✓
The output should match the regular expression pattern: "\[?\[13706A \( 46\.?00 cr\), "fnechaanrj"\.? Optional, period: 5\.?\] Year: 2014, Grade: 1\.?\] "
Attempting to locate the starting point of the regular expression pattern: "\[?\[1370"
 ✓
 ✓
The output should match the regular expression pattern: "\[?\[667087A \( 53\.?00 cr\), "srpmgauhaa"\.? Mandatory, period: 2\.?\] Year: 2004, Grade: 2\.?\] "
Attempting to locate the starting point of the regular expression pattern: "\[?\[6670"
 ✓
 ✓
The output should match the regular expression pattern: "\[?\[666842P \( 41\.?00 cr\), "qakkofyyop"\.? Optional, period: 1\.?\] Year: 2022, Grade: 3\.?\] "
Attempting to locate the starting point of the regular expression pattern: "\[?\[6668"
 ✓
 ✓
The output should match the regular expression pattern: "\[?\[538546P \( 50\.?00 cr\), "tlqtdnedqr"\.? Optional, period: 2\.?\] Year: 2011, Grade: 4\.?\] "
Attempting to locate the starting point of the regular expression pattern: "\[?\[5385"
 ✓
 ✓
Calling new Course( "ucmdtmebox", 515203, 'P', 1, 2, 15.0, true )
Calling new StudentCourse( [515203P (15.00 cr), "ucmdtmebox". Mandatory, period: 2.], 5, 2011 )
Calling addStudentCourse( [515203P (15.00 cr), "ucmdtmebox". Mandatory, period: 2.] Year: 2011, Grade: 5.] )
Calling new Course( "vgzkkhzspj", 763697, 'A', 1, 1, 42.0, false )
Calling new StudentCourse( [763697A (42.00 cr), "vgzkkhzspj". Mandatory, period: 1.], 70, 2001 )
Calling addStudentCourse( [763697A (42.00 cr), "vgzkkhzspj". Mandatory, period: 1.] Year: 2001, Grade: F.] )
Calling new Course( "dmrfipkvbh", 877612, 'P', 1, 4, 54.0, false )
Calling new StudentCourse( [877612P (54.00 cr), "dmrfipkvbh". Mandatory, period: 4.], 65, 2017 )
Calling addStudentCourse( [877612P (54.00 cr), "dmrfipkvbh". Mandatory, period: 4.] Year: 2017, Grade: A.] )
Calling toString(  )
The output should match the regular expression pattern: "^Degree\[Title:"?No title"?\(courses:3\)Thesis title:"?No title"?"
Attempting to locate the starting point of the regular expression pattern: "^Degree\[T"
 ✓
 ✓
The output should match the regular expression pattern: "\[?\[515203P \( 15\.?00 cr\), "ucmdtmebox"\.? Mandatory, period: 2\.?\] Year: 2011, Grade: 5\.?\] "
Attempting to locate the starting point of the regular expression pattern: "\[?\[5152"
 ✓
 ✓
The output should match the regular expression pattern: "\[?\[763697A \( 42\.?00 cr\), "vgzkkhzspj"\.? Mandatory, period: 1\.?\] Year: 2001, Grade: F\.?\] "
Attempting to locate the starting point of the regular expression pattern: "\[?\[7636"
 ✓
 ✓
The output should match the regular expression pattern: "\[?\[877612P \( 54\.?00 cr\), "dmrfipkvbh"\.? Mandatory, period: 4\.?\] Year: 2017, Grade: A\.?\] "
Attempting to locate the starting point of the regular expression pattern: "\[?\[8776"
 ✓
 ✓
Calling new Course( "ruraeqkrtl", 62731, 'A', 0, 5, 33.0, true )
Calling new StudentCourse( [62731A (33.00 cr), "ruraeqkrtl". Optional, period: 5.], 0, 2018 )
Calling addStudentCourse( [62731A (33.00 cr), "ruraeqkrtl". Optional, period: 5.] Year: 2018, Grade: "Not graded".] )
Calling new Course( "glokmopmrw", 749015, 'A', 1, 3, 53.0, true )
Calling new StudentCourse( [749015A (53.00 cr), "glokmopmrw". Mandatory, period: 3.], 1, 2016 )
Calling addStudentCourse( [749015A (53.00 cr), "glokmopmrw". Mandatory, period: 3.] Year: 2016, Grade: 1.] )
Calling new Course( "ofsohlhaeq", 616703, 'A', 1, 1, 22.0, true )
Calling new StudentCourse( [616703A (22.00 cr), "ofsohlhaeq". Mandatory, period: 1.], 2, 2023 )
Calling addStudentCourse( [616703A (22.00 cr), "ofsohlhaeq". Mandatory, period: 1.] Year: 2023, Grade: 2.] )
Calling toString(  )
The output should match the regular expression pattern: "^Degree\[Title:"?No title"?\(courses:3\)Thesis title:"?No title"?"
Attempting to locate the starting point of the regular expression pattern: "^Degree\[T"
 ✓
 ✓
The output should match the regular expression pattern: "\[?\[62731A \( 33\.?00 cr\), "ruraeqkrtl"\.? Optional, period: 5\.?\] Year: 2018, Grade: "?Not graded"?\.?\] "
Attempting to locate the starting point of the regular expression pattern: "\[?\[6273"
 ✓
 ✓
The output should match the regular expression pattern: "\[?\[749015A \( 53\.?00 cr\), "glokmopmrw"\.? Mandatory, period: 3\.?\] Year: 2016, Grade: 1\.?\] "
Attempting to locate the starting point of the regular expression pattern: "\[?\[7490"
 ✓
 ✓
The output should match the regular expression pattern: "\[?\[616703A \( 22\.?00 cr\), "ofsohlhaeq"\.? Mandatory, period: 1\.?\] Year: 2023, Grade: 2\.?\] "
Attempting to locate the starting point of the regular expression pattern: "\[?\[6167"
 ✓
 ✓
]]></system-out>
  </testcase>
  <testcase name="myCoursesTests" classname="dev.m3s.programming2.homework2.DegreeTests" time="0.137">
    <system-out><![CDATA[Calling new Degree(  )
Reading the value of private dev.m3s.programming2.homework2.StudentCourse[] myCourses
 ~> [null, null, null, null, null, null, null, null, null, null, null, null, null, null, null, null, null, null, null, null, null, null, null, null, null, null, null, null, null, null, null, null, null, null, null, null, null, null, null, null, null, null, null, null, null, null, null, null, null, null]
Verifying that the default array length is 0...
 ✓
Calling new Course( "knxjfrkmvp", 240997, 'P', 1, 3, 16.0, true )
Calling new StudentCourse( [240997P (16.00 cr), "knxjfrkmvp". Mandatory, period: 3.], 2, 2026 )
Calling addStudentCourse( [240997P (16.00 cr), "knxjfrkmvp". Mandatory, period: 3.] Year: 2026, Grade: 2.] )
Calling getCourses(  )
Accessing getCourses()[0]...
Checking whether the two student course objects are equal:
=> StudentCourse 2: Reading the value of private Course course
 ~> [240997P (16.00 cr), "knxjfrkmvp". Mandatory, period: 3.]
=> StudentCourse 1: Reading the value of private Course course
 ~> [240997P (16.00 cr), "knxjfrkmvp". Mandatory, period: 3.]
Checking whether the two course objects are equal:
 => Course 2: Reading the value of private String name
 ~> "knxjfrkmvp"
 => Course 1: Checking whether private String name is "knxjfrkmvp"
 ~> "knxjfrkmvp" (true)
 ✓
 => Course 2: Reading the value of private String courseCode
 ~> "240997P"
 => Course 1: Checking whether the value of private String courseCode matches "240997P"
 ~> "240997P" (true)
 ✓
 => Course 2: Reading the value of private Character courseBase
 ~> 'P'
 => Course 1: Checking whether private Character courseBase is 'P'
 ~> 'P' (true)
 ✓
 => Course 2: Reading the value of private int period
 ~> 3
 => Course 1: Checking whether private int period is 3
 ~> 3 (true)
 ✓
 => Course 2: Reading the value of private double credits
 ~> 16.0
 => Course 1: Checking whether private double credits is 16.0
 ~> 16.0 (true)
 ✓
 => Course 2: Reading the value of private boolean numericGrade
 ~> true
 => Course 1: Checking whether private boolean numericGrade is true
 ~> true (true)
 ✓
=> The course objects are equal.

=> StudentCourse 2: Reading the value of private int gradeNum
 ~> 2
=> StudentCourse 1: Checking whether private int gradeNum is 2
 ~> 2 (true)
 ✓
=> StudentCourse 2: Reading the value of private int yearCompleted
 ~> 2026
=> StudentCourse 1: Checking whether private int yearCompleted is 2026
 ~> 2026 (true)
 ✓
=> The student course objects are equal.

Reading the value of private dev.m3s.programming2.homework2.StudentCourse[] myCourses
 ~> [[240997P (16.00 cr), "knxjfrkmvp". Mandatory, period: 3.] Year: 2026, Grade: 2.], null, null, null, null, null, null, null, null, null, null, null, null, null, null, null, null, null, null, null, null, null, null, null, null, null, null, null, null, null, null, null, null, null, null, null, null, null, null, null, null, null, null, null, null, null, null, null, null, null]
Accessing myCourses[0]...
Checking whether the two student course objects are equal:
=> StudentCourse 2: Reading the value of private Course course
 ~> [240997P (16.00 cr), "knxjfrkmvp". Mandatory, period: 3.]
=> StudentCourse 1: Reading the value of private Course course
 ~> [240997P (16.00 cr), "knxjfrkmvp". Mandatory, period: 3.]
Checking whether the two course objects are equal:
 => Course 2: Reading the value of private String name
 ~> "knxjfrkmvp"
 => Course 1: Checking whether private String name is "knxjfrkmvp"
 ~> "knxjfrkmvp" (true)
 ✓
 => Course 2: Reading the value of private String courseCode
 ~> "240997P"
 => Course 1: Checking whether the value of private String courseCode matches "240997P"
 ~> "240997P" (true)
 ✓
 => Course 2: Reading the value of private Character courseBase
 ~> 'P'
 => Course 1: Checking whether private Character courseBase is 'P'
 ~> 'P' (true)
 ✓
 => Course 2: Reading the value of private int period
 ~> 3
 => Course 1: Checking whether private int period is 3
 ~> 3 (true)
 ✓
 => Course 2: Reading the value of private double credits
 ~> 16.0
 => Course 1: Checking whether private double credits is 16.0
 ~> 16.0 (true)
 ✓
 => Course 2: Reading the value of private boolean numericGrade
 ~> true
 => Course 1: Checking whether private boolean numericGrade is true
 ~> true (true)
 ✓
=> The course objects are equal.

=> StudentCourse 2: Reading the value of private int gradeNum
 ~> 2
=> StudentCourse 1: Checking whether private int gradeNum is 2
 ~> 2 (true)
 ✓
=> StudentCourse 2: Reading the value of private int yearCompleted
 ~> 2026
=> StudentCourse 1: Checking whether private int yearCompleted is 2026
 ~> 2026 (true)
 ✓
=> The student course objects are equal.

Initializing a new array called 'newCourses' with 4 random StudentCourses:
Calling new Course( "vwnwdcjpoj", 911627, 'S', 0, 5, 3.0, true )
Calling new StudentCourse( [911627S ( 3.00 cr), "vwnwdcjpoj". Optional, period: 5.], 0, 2007 )
Calling new Course( "kllrknjxoo", 300754, 'S', 1, 3, 48.0, false )
Calling new StudentCourse( [300754S (48.00 cr), "kllrknjxoo". Mandatory, period: 3.], 70, 2004 )
Calling new Course( "ofwfberafs", 189318, 'A', 1, 3, 32.0, false )
Calling new StudentCourse( [189318A (32.00 cr), "ofwfberafs". Mandatory, period: 3.], 70, 2015 )
Calling new Course( "kxwcckcbso", 116744, 'S', 0, 4, 14.0, false )
Calling new StudentCourse( [116744S (14.00 cr), "kxwcckcbso". Optional, period: 4.], 65, 2005 )
Adding the contents of the newCourses array to the degree using addStudentCourses method...
Calling addStudentCourses( [911627S ( 3.00 cr), "vwnwdcjpoj". Optional, period: 5.] Year: 2007, Grade: "Not graded".], [300754S (48.00 cr), "kllrknjxoo". Mandatory, period: 3.] Year: 2004, Grade: F.], [189318A (32.00 cr), "ofwfberafs". Mandatory, period: 3.] Year: 2015, Grade: F.], [116744S (14.00 cr), "kxwcckcbso". Optional, period: 4.] Year: 2005, Grade: A.] )
Calling getCourses(  )
Each object in the newCourses array should now match the object at the next index in the myCourses array.
Comparing values newCourses[0] and getCourses()[1]
Checking whether the two student course objects are equal:
=> StudentCourse 2: Reading the value of private Course course
 ~> [911627S ( 3.00 cr), "vwnwdcjpoj". Optional, period: 5.]
=> StudentCourse 1: Reading the value of private Course course
 ~> [911627S ( 3.00 cr), "vwnwdcjpoj". Optional, period: 5.]
Checking whether the two course objects are equal:
 => Course 2: Reading the value of private String name
 ~> "vwnwdcjpoj"
 => Course 1: Checking whether private String name is "vwnwdcjpoj"
 ~> "vwnwdcjpoj" (true)
 ✓
 => Course 2: Reading the value of private String courseCode
 ~> "911627S"
 => Course 1: Checking whether the value of private String courseCode matches "911627S"
 ~> "911627S" (true)
 ✓
 => Course 2: Reading the value of private Character courseBase
 ~> 'S'
 => Course 1: Checking whether private Character courseBase is 'S'
 ~> 'S' (true)
 ✓
 => Course 2: Reading the value of private int period
 ~> 5
 => Course 1: Checking whether private int period is 5
 ~> 5 (true)
 ✓
 => Course 2: Reading the value of private double credits
 ~> 3.0
 => Course 1: Checking whether private double credits is 3.0
 ~> 3.0 (true)
 ✓
 => Course 2: Reading the value of private boolean numericGrade
 ~> true
 => Course 1: Checking whether private boolean numericGrade is true
 ~> true (true)
 ✓
=> The course objects are equal.

=> StudentCourse 2: Reading the value of private int gradeNum
 ~> 0
=> StudentCourse 1: Checking whether private int gradeNum is 0
 ~> 0 (true)
 ✓
=> StudentCourse 2: Reading the value of private int yearCompleted
 ~> 2007
=> StudentCourse 1: Checking whether private int yearCompleted is 2007
 ~> 2007 (true)
 ✓
=> The student course objects are equal.

Comparing values newCourses[0] and myCourses[1]
Checking whether the two student course objects are equal:
=> StudentCourse 2: Reading the value of private Course course
 ~> [911627S ( 3.00 cr), "vwnwdcjpoj". Optional, period: 5.]
=> StudentCourse 1: Reading the value of private Course course
 ~> [911627S ( 3.00 cr), "vwnwdcjpoj". Optional, period: 5.]
Checking whether the two course objects are equal:
 => Course 2: Reading the value of private String name
 ~> "vwnwdcjpoj"
 => Course 1: Checking whether private String name is "vwnwdcjpoj"
 ~> "vwnwdcjpoj" (true)
 ✓
 => Course 2: Reading the value of private String courseCode
 ~> "911627S"
 => Course 1: Checking whether the value of private String courseCode matches "911627S"
 ~> "911627S" (true)
 ✓
 => Course 2: Reading the value of private Character courseBase
 ~> 'S'
 => Course 1: Checking whether private Character courseBase is 'S'
 ~> 'S' (true)
 ✓
 => Course 2: Reading the value of private int period
 ~> 5
 => Course 1: Checking whether private int period is 5
 ~> 5 (true)
 ✓
 => Course 2: Reading the value of private double credits
 ~> 3.0
 => Course 1: Checking whether private double credits is 3.0
 ~> 3.0 (true)
 ✓
 => Course 2: Reading the value of private boolean numericGrade
 ~> true
 => Course 1: Checking whether private boolean numericGrade is true
 ~> true (true)
 ✓
=> The course objects are equal.

=> StudentCourse 2: Reading the value of private int gradeNum
 ~> 0
=> StudentCourse 1: Checking whether private int gradeNum is 0
 ~> 0 (true)
 ✓
=> StudentCourse 2: Reading the value of private int yearCompleted
 ~> 2007
=> StudentCourse 1: Checking whether private int yearCompleted is 2007
 ~> 2007 (true)
 ✓
=> The student course objects are equal.

Comparing values newCourses[1] and getCourses()[2]
Checking whether the two student course objects are equal:
=> StudentCourse 2: Reading the value of private Course course
 ~> [300754S (48.00 cr), "kllrknjxoo". Mandatory, period: 3.]
=> StudentCourse 1: Reading the value of private Course course
 ~> [300754S (48.00 cr), "kllrknjxoo". Mandatory, period: 3.]
Checking whether the two course objects are equal:
 => Course 2: Reading the value of private String name
 ~> "kllrknjxoo"
 => Course 1: Checking whether private String name is "kllrknjxoo"
 ~> "kllrknjxoo" (true)
 ✓
 => Course 2: Reading the value of private String courseCode
 ~> "300754S"
 => Course 1: Checking whether the value of private String courseCode matches "300754S"
 ~> "300754S" (true)
 ✓
 => Course 2: Reading the value of private Character courseBase
 ~> 'S'
 => Course 1: Checking whether private Character courseBase is 'S'
 ~> 'S' (true)
 ✓
 => Course 2: Reading the value of private int period
 ~> 3
 => Course 1: Checking whether private int period is 3
 ~> 3 (true)
 ✓
 => Course 2: Reading the value of private double credits
 ~> 48.0
 => Course 1: Checking whether private double credits is 48.0
 ~> 48.0 (true)
 ✓
 => Course 2: Reading the value of private boolean numericGrade
 ~> false
 => Course 1: Checking whether private boolean numericGrade is false
 ~> false (true)
 ✓
=> The course objects are equal.

=> StudentCourse 2: Reading the value of private int gradeNum
 ~> 70
=> StudentCourse 1: Checking whether private int gradeNum is 70
 ~> 70 (true)
 ✓
=> StudentCourse 2: Reading the value of private int yearCompleted
 ~> 2004
=> StudentCourse 1: Checking whether private int yearCompleted is 2004
 ~> 2004 (true)
 ✓
=> The student course objects are equal.

Comparing values newCourses[1] and myCourses[2]
Checking whether the two student course objects are equal:
=> StudentCourse 2: Reading the value of private Course course
 ~> [300754S (48.00 cr), "kllrknjxoo". Mandatory, period: 3.]
=> StudentCourse 1: Reading the value of private Course course
 ~> [300754S (48.00 cr), "kllrknjxoo". Mandatory, period: 3.]
Checking whether the two course objects are equal:
 => Course 2: Reading the value of private String name
 ~> "kllrknjxoo"
 => Course 1: Checking whether private String name is "kllrknjxoo"
 ~> "kllrknjxoo" (true)
 ✓
 => Course 2: Reading the value of private String courseCode
 ~> "300754S"
 => Course 1: Checking whether the value of private String courseCode matches "300754S"
 ~> "300754S" (true)
 ✓
 => Course 2: Reading the value of private Character courseBase
 ~> 'S'
 => Course 1: Checking whether private Character courseBase is 'S'
 ~> 'S' (true)
 ✓
 => Course 2: Reading the value of private int period
 ~> 3
 => Course 1: Checking whether private int period is 3
 ~> 3 (true)
 ✓
 => Course 2: Reading the value of private double credits
 ~> 48.0
 => Course 1: Checking whether private double credits is 48.0
 ~> 48.0 (true)
 ✓
 => Course 2: Reading the value of private boolean numericGrade
 ~> false
 => Course 1: Checking whether private boolean numericGrade is false
 ~> false (true)
 ✓
=> The course objects are equal.

=> StudentCourse 2: Reading the value of private int gradeNum
 ~> 70
=> StudentCourse 1: Checking whether private int gradeNum is 70
 ~> 70 (true)
 ✓
=> StudentCourse 2: Reading the value of private int yearCompleted
 ~> 2004
=> StudentCourse 1: Checking whether private int yearCompleted is 2004
 ~> 2004 (true)
 ✓
=> The student course objects are equal.

Comparing values newCourses[2] and getCourses()[3]
Checking whether the two student course objects are equal:
=> StudentCourse 2: Reading the value of private Course course
 ~> [189318A (32.00 cr), "ofwfberafs". Mandatory, period: 3.]
=> StudentCourse 1: Reading the value of private Course course
 ~> [189318A (32.00 cr), "ofwfberafs". Mandatory, period: 3.]
Checking whether the two course objects are equal:
 => Course 2: Reading the value of private String name
 ~> "ofwfberafs"
 => Course 1: Checking whether private String name is "ofwfberafs"
 ~> "ofwfberafs" (true)
 ✓
 => Course 2: Reading the value of private String courseCode
 ~> "189318A"
 => Course 1: Checking whether the value of private String courseCode matches "189318A"
 ~> "189318A" (true)
 ✓
 => Course 2: Reading the value of private Character courseBase
 ~> 'A'
 => Course 1: Checking whether private Character courseBase is 'A'
 ~> 'A' (true)
 ✓
 => Course 2: Reading the value of private int period
 ~> 3
 => Course 1: Checking whether private int period is 3
 ~> 3 (true)
 ✓
 => Course 2: Reading the value of private double credits
 ~> 32.0
 => Course 1: Checking whether private double credits is 32.0
 ~> 32.0 (true)
 ✓
 => Course 2: Reading the value of private boolean numericGrade
 ~> false
 => Course 1: Checking whether private boolean numericGrade is false
 ~> false (true)
 ✓
=> The course objects are equal.

=> StudentCourse 2: Reading the value of private int gradeNum
 ~> 70
=> StudentCourse 1: Checking whether private int gradeNum is 70
 ~> 70 (true)
 ✓
=> StudentCourse 2: Reading the value of private int yearCompleted
 ~> 2015
=> StudentCourse 1: Checking whether private int yearCompleted is 2015
 ~> 2015 (true)
 ✓
=> The student course objects are equal.

Comparing values newCourses[2] and myCourses[3]
Checking whether the two student course objects are equal:
=> StudentCourse 2: Reading the value of private Course course
 ~> [189318A (32.00 cr), "ofwfberafs". Mandatory, period: 3.]
=> StudentCourse 1: Reading the value of private Course course
 ~> [189318A (32.00 cr), "ofwfberafs". Mandatory, period: 3.]
Checking whether the two course objects are equal:
 => Course 2: Reading the value of private String name
 ~> "ofwfberafs"
 => Course 1: Checking whether private String name is "ofwfberafs"
 ~> "ofwfberafs" (true)
 ✓
 => Course 2: Reading the value of private String courseCode
 ~> "189318A"
 => Course 1: Checking whether the value of private String courseCode matches "189318A"
 ~> "189318A" (true)
 ✓
 => Course 2: Reading the value of private Character courseBase
 ~> 'A'
 => Course 1: Checking whether private Character courseBase is 'A'
 ~> 'A' (true)
 ✓
 => Course 2: Reading the value of private int period
 ~> 3
 => Course 1: Checking whether private int period is 3
 ~> 3 (true)
 ✓
 => Course 2: Reading the value of private double credits
 ~> 32.0
 => Course 1: Checking whether private double credits is 32.0
 ~> 32.0 (true)
 ✓
 => Course 2: Reading the value of private boolean numericGrade
 ~> false
 => Course 1: Checking whether private boolean numericGrade is false
 ~> false (true)
 ✓
=> The course objects are equal.

=> StudentCourse 2: Reading the value of private int gradeNum
 ~> 70
=> StudentCourse 1: Checking whether private int gradeNum is 70
 ~> 70 (true)
 ✓
=> StudentCourse 2: Reading the value of private int yearCompleted
 ~> 2015
=> StudentCourse 1: Checking whether private int yearCompleted is 2015
 ~> 2015 (true)
 ✓
=> The student course objects are equal.

Comparing values newCourses[3] and getCourses()[4]
Checking whether the two student course objects are equal:
=> StudentCourse 2: Reading the value of private Course course
 ~> [116744S (14.00 cr), "kxwcckcbso". Optional, period: 4.]
=> StudentCourse 1: Reading the value of private Course course
 ~> [116744S (14.00 cr), "kxwcckcbso". Optional, period: 4.]
Checking whether the two course objects are equal:
 => Course 2: Reading the value of private String name
 ~> "kxwcckcbso"
 => Course 1: Checking whether private String name is "kxwcckcbso"
 ~> "kxwcckcbso" (true)
 ✓
 => Course 2: Reading the value of private String courseCode
 ~> "116744S"
 => Course 1: Checking whether the value of private String courseCode matches "116744S"
 ~> "116744S" (true)
 ✓
 => Course 2: Reading the value of private Character courseBase
 ~> 'S'
 => Course 1: Checking whether private Character courseBase is 'S'
 ~> 'S' (true)
 ✓
 => Course 2: Reading the value of private int period
 ~> 4
 => Course 1: Checking whether private int period is 4
 ~> 4 (true)
 ✓
 => Course 2: Reading the value of private double credits
 ~> 14.0
 => Course 1: Checking whether private double credits is 14.0
 ~> 14.0 (true)
 ✓
 => Course 2: Reading the value of private boolean numericGrade
 ~> false
 => Course 1: Checking whether private boolean numericGrade is false
 ~> false (true)
 ✓
=> The course objects are equal.

=> StudentCourse 2: Reading the value of private int gradeNum
 ~> 65
=> StudentCourse 1: Checking whether private int gradeNum is 65
 ~> 65 (true)
 ✓
=> StudentCourse 2: Reading the value of private int yearCompleted
 ~> 2005
=> StudentCourse 1: Checking whether private int yearCompleted is 2005
 ~> 2005 (true)
 ✓
=> The student course objects are equal.

Comparing values newCourses[3] and myCourses[4]
Checking whether the two student course objects are equal:
=> StudentCourse 2: Reading the value of private Course course
 ~> [116744S (14.00 cr), "kxwcckcbso". Optional, period: 4.]
=> StudentCourse 1: Reading the value of private Course course
 ~> [116744S (14.00 cr), "kxwcckcbso". Optional, period: 4.]
Checking whether the two course objects are equal:
 => Course 2: Reading the value of private String name
 ~> "kxwcckcbso"
 => Course 1: Checking whether private String name is "kxwcckcbso"
 ~> "kxwcckcbso" (true)
 ✓
 => Course 2: Reading the value of private String courseCode
 ~> "116744S"
 => Course 1: Checking whether the value of private String courseCode matches "116744S"
 ~> "116744S" (true)
 ✓
 => Course 2: Reading the value of private Character courseBase
 ~> 'S'
 => Course 1: Checking whether private Character courseBase is 'S'
 ~> 'S' (true)
 ✓
 => Course 2: Reading the value of private int period
 ~> 4
 => Course 1: Checking whether private int period is 4
 ~> 4 (true)
 ✓
 => Course 2: Reading the value of private double credits
 ~> 14.0
 => Course 1: Checking whether private double credits is 14.0
 ~> 14.0 (true)
 ✓
 => Course 2: Reading the value of private boolean numericGrade
 ~> false
 => Course 1: Checking whether private boolean numericGrade is false
 ~> false (true)
 ✓
=> The course objects are equal.

=> StudentCourse 2: Reading the value of private int gradeNum
 ~> 65
=> StudentCourse 1: Checking whether private int gradeNum is 65
 ~> 65 (true)
 ✓
=> StudentCourse 2: Reading the value of private int yearCompleted
 ~> 2005
=> StudentCourse 1: Checking whether private int yearCompleted is 2005
 ~> 2005 (true)
 ✓
=> The student course objects are equal.

]]></system-out>
  </testcase>
  <testcase name="degreeTitleTests" classname="dev.m3s.programming2.homework2.DegreeTests" time="0.01">
    <system-out><![CDATA[Calling new Degree(  )
Reading the value of private String degreeTitle
 ~> "No title"
Verifying that "No title" matches the expected pattern
""?No\s+title"?"
 ✓
-----------------------------------------------------
Comparing the return value of the getter to the value
of the attribute (ignoring the visibility modifier):
-----------------------------------------------------
Reading the value of private String degreeTitle
 ~> "No title"
Checking whether getDegreeTitle(  ) returns a String matching "No title"
 ~> "No title" (true)
 ✓
-----------------------------------------------------
Comparing the value of the attribute before and after
setting a new value using the setter (ignoring the
attribute's visibility modifier)
-----------------------------------------------------
Reading the value of private String degreeTitle
 ~> "No title"
Calling setDegreeTitle( "kvtbieyh bdluiczk" )
Checking whether the value of private String degreeTitle matches "kvtbieyh bdluiczk"
 ~> "kvtbieyh bdluiczk" (true)
 ✓
-----------------------------------------------------
Comparing the return value of the getter to the value
of the attribute (ignoring the visibility modifier):
-----------------------------------------------------
Reading the value of private String degreeTitle
 ~> "kvtbieyh bdluiczk"
Checking whether getDegreeTitle(  ) returns a String matching "kvtbieyh bdluiczk"
 ~> "kvtbieyh bdluiczk" (true)
 ✓
Calling setDegreeTitle( null )
Calling getDegreeTitle(  )
 ✓
Reading the value of private String degreeTitle
 ~> "kvtbieyh bdluiczk"
 ✓
]]></system-out>
  </testcase>
</testsuite>